Unity Editor version:    2021.2.10f1 (ee872746220e)
Branch:                  2021.2/staging
Build type:              Release
Batch mode:              YES
macOS version:           Version 10.15.7 (Build 19H1323)
Darwin version:          19.6.0
Architecture:            x86_64
Running under Rosetta:   NO
Available memory:        16384 MB
Using pre-set license
Pro License: NO

COMMAND LINE ARGUMENTS:
/Applications/Unity/Hub/Editor/2021.2.10f1/Unity.app/Contents/MacOS/Unity
-adb2
-batchMode
-noUpm
-name
AssetImportWorker12
-projectPath
/Users/angelinahsu/Unity-VR-final-project/Unity VR Final Group
-logFile
Logs/AssetImportWorker12.log
-srvPort
53565
Successfully changed project path to: /Users/angelinahsu/Unity-VR-final-project/Unity VR Final Group
/Users/angelinahsu/Unity-VR-final-project/Unity VR Final Group
[UnityMemory] Configuration Parameters - Can be set up in boot.config
    "memorysetup-bucket-allocator-granularity=16"
    "memorysetup-bucket-allocator-bucket-count=8"
    "memorysetup-bucket-allocator-block-size=33554432"
    "memorysetup-bucket-allocator-block-count=8"
    "memorysetup-main-allocator-block-size=16777216"
    "memorysetup-thread-allocator-block-size=16777216"
    "memorysetup-gfx-main-allocator-block-size=16777216"
    "memorysetup-gfx-thread-allocator-block-size=16777216"
    "memorysetup-cache-allocator-block-size=4194304"
    "memorysetup-typetree-allocator-block-size=2097152"
    "memorysetup-profiler-bucket-allocator-granularity=16"
    "memorysetup-profiler-bucket-allocator-bucket-count=8"
    "memorysetup-profiler-bucket-allocator-block-size=33554432"
    "memorysetup-profiler-bucket-allocator-block-count=8"
    "memorysetup-profiler-allocator-block-size=16777216"
    "memorysetup-profiler-editor-allocator-block-size=1048576"
    "memorysetup-temp-allocator-size-main=16777216"
    "memorysetup-job-temp-allocator-block-size=2097152"
    "memorysetup-job-temp-allocator-block-size-background=1048576"
    "memorysetup-job-temp-allocator-reduction-small-platforms=262144"
    "memorysetup-temp-allocator-size-background-worker=32768"
    "memorysetup-temp-allocator-size-job-worker=262144"
    "memorysetup-temp-allocator-size-preload-manager=33554432"
    "memorysetup-temp-allocator-size-nav-mesh-worker=65536"
    "memorysetup-temp-allocator-size-audio-worker=65536"
    "memorysetup-temp-allocator-size-cloud-worker=32768"
    "memorysetup-temp-allocator-size-gi-baking-worker=262144"
    "memorysetup-temp-allocator-size-gfx=262144"
Refreshing native plugins compatible for Editor in 120.87 ms, found 3 plugins.
Preloading 1 native plugins for Editor in 4.53 ms.
Initialize engine version: 2021.2.10f1 (ee872746220e)
[Subsystems] Discovering subsystems at path /Applications/Unity/Hub/Editor/2021.2.10f1/Unity.app/Contents/Resources/UnitySubsystems
[Subsystems] Discovering subsystems at path /Users/angelinahsu/Unity-VR-final-project/Unity VR Final Group/Assets
GfxDevice: creating device client; threaded=0; jobified=0
iMac preferred device: AMD Radeon Pro 5700 (high power)
Metal devices available: 1
0: AMD Radeon Pro 5700 (high power)
Using device AMD Radeon Pro 5700 (high power)
Initializing Metal device caps: AMD Radeon Pro 5700
Initialize mono
Mono path[0] = '/Applications/Unity/Hub/Editor/2021.2.10f1/Unity.app/Contents/Managed'
Mono path[1] = '/Applications/Unity/Hub/Editor/2021.2.10f1/Unity.app/Contents/MonoBleedingEdge/lib/mono/unityjit-macos'
Mono config path = '/Applications/Unity/Hub/Editor/2021.2.10f1/Unity.app/Contents/MonoBleedingEdge/etc'
Using monoOptions --debugger-agent=transport=dt_socket,embedding=1,server=y,suspend=n,address=127.0.0.1:56228
Begin MonoManager ReloadAssembly
Registering precompiled unity dll's ...
Register platform support module: /Applications/Unity/Hub/Editor/2021.2.10f1/PlaybackEngines/WebGLSupport/UnityEditor.WebGL.Extensions.dll
Register platform support module: /Applications/Unity/Hub/Editor/2021.2.10f1/Unity.app/Contents/PlaybackEngines/MacStandaloneSupport/UnityEditor.OSXStandalone.Extensions.dll
Registered in 0.002753 seconds.
Native extension for OSXStandalone target not found
Native extension for WebGL target not found
Refreshing native plugins compatible for Editor in 117.00 ms, found 3 plugins.
Preloading 1 native plugins for Editor in 0.36 ms.
Mono: successfully reloaded assembly
- Completed reload, in  0.752 seconds
Domain Reload Profiling:
	ReloadAssembly (752ms)
		BeginReloadAssembly (105ms)
			ExecutionOrderSort (0ms)
			DisableScriptedObjects (0ms)
			BackupInstance (0ms)
			ReleaseScriptingObjects (0ms)
			CreateAndSetChildDomain (1ms)
		EndReloadAssembly (556ms)
			LoadAssemblies (105ms)
			RebuildTransferFunctionScriptingTraits (0ms)
			SetupTypeCache (132ms)
			ReleaseScriptCaches (0ms)
			RebuildScriptCaches (32ms)
			SetupLoadedEditorAssemblies (335ms)
				LogAssemblyErrors (0ms)
				InitializePlatformSupportModulesInManaged (13ms)
				SetLoadedEditorAssemblies (0ms)
				RefreshPlugins (117ms)
				BeforeProcessingInitializeOnLoad (1ms)
				ProcessInitializeOnLoadAttributes (157ms)
				ProcessInitializeOnLoadMethodAttributes (46ms)
				AfterProcessingInitializeOnLoad (0ms)
				EditorAssembliesLoaded (0ms)
			ExecutionOrderSort2 (0ms)
			AwakeInstancesAfterBackupRestoration (0ms)
Platform modules already initialized, skipping
Registering precompiled user dll's ...
Registered in 0.005236 seconds.
Begin MonoManager ReloadAssembly
Symbol file LoadedFromMemory doesn't match image /Users/angelinahsu/Unity-VR-final-project/Unity VR Final Group/Library/PackageCache/com.unity.visualscripting@1.7.6/Editor/VisualScripting.Core/Dependencies/DotNetZip/Unity.VisualScripting.IonicZip.dll
Symbol file LoadedFromMemory doesn't match image /Users/angelinahsu/Unity-VR-final-project/Unity VR Final Group/Library/PackageCache/com.unity.visualscripting@1.7.6/Editor/VisualScripting.Core/Dependencies/YamlDotNet/Unity.VisualScripting.YamlDotNet.dll
Native extension for OSXStandalone target not found
Native extension for WebGL target not found
Refreshing native plugins compatible for Editor in 114.54 ms, found 3 plugins.
Preloading 1 native plugins for Editor in 0.33 ms.
Package Manager log level set to [2]
Mono: successfully reloaded assembly
- Completed reload, in  5.124 seconds
Domain Reload Profiling:
	ReloadAssembly (5125ms)
		BeginReloadAssembly (107ms)
			ExecutionOrderSort (0ms)
			DisableScriptedObjects (6ms)
			BackupInstance (0ms)
			ReleaseScriptingObjects (0ms)
			CreateAndSetChildDomain (30ms)
		EndReloadAssembly (4910ms)
			LoadAssemblies (118ms)
			RebuildTransferFunctionScriptingTraits (0ms)
			SetupTypeCache (377ms)
			ReleaseScriptCaches (1ms)
			RebuildScriptCaches (69ms)
			SetupLoadedEditorAssemblies (4287ms)
				LogAssemblyErrors (0ms)
				InitializePlatformSupportModulesInManaged (8ms)
				SetLoadedEditorAssemblies (0ms)
				RefreshPlugins (115ms)
				BeforeProcessingInitializeOnLoad (118ms)
				ProcessInitializeOnLoadAttributes (3965ms)
				ProcessInitializeOnLoadMethodAttributes (79ms)
				AfterProcessingInitializeOnLoad (1ms)
				EditorAssembliesLoaded (0ms)
			ExecutionOrderSort2 (0ms)
			AwakeInstancesAfterBackupRestoration (4ms)
Platform modules already initialized, skipping
========================================================================
Worker process is ready to serve import requests
Launching external process: /Applications/Unity/Hub/Editor/2021.2.10f1/Unity.app/Contents/Tools/UnityShaderCompiler
Launched and connected shader compiler UnityShaderCompiler after 0.01 seconds
Refreshing native plugins compatible for Editor in 0.99 ms, found 3 plugins.
Preloading 1 native plugins for Editor in 0.37 ms.
Unloading 5666 Unused Serialized files (Serialized files now loaded: 0)
Unloading 64 unused Assets / (0.8 MB). Loaded Objects now: 6091.
Memory consumption went from 365.3 MB to 364.4 MB.
Total: 4.596211 ms (FindLiveObjects: 0.395793 ms CreateObjectMapping: 0.373102 ms MarkObjects: 3.432392 ms  DeleteObjects: 0.394253 ms)

AssetImportParameters requested are different than current active one (requested -> active):
  custom:video-decoder-ogg-theora: a1e56fd34408186e4bbccfd4996cb3dc -> 
  custom:container-muxer-webm: aa71ff27fc2769a1b78a27578f13a17b -> 
  custom:container-demuxer-webm: 4f35f7cbe854078d1ac9338744f61a02 -> 
  custom:video-encoder-webm-vp8: eb34c28f22e8b96e1ab97ce403110664 -> 
  custom:framework-osx-AVFoundation: b23960f63f64bdc6ff669e2cdcee2391 -> 
  custom:audio-encoder-webm-vorbis: bf7c407c2cedff20999df2af8eb42d56 -> 
  custom:container-demuxer-ogg: 62fdf1f143b41e24485cea50d1cbac27 -> 
  custom:video-decoder-webm-vp8: 9c59270c3fd7afecdb556c50c9e8de78 -> 
  custom:audio-decoder-ogg-vorbis: bf7c407c2cedff20999df2af8eb42d56 -> 
========================================================================
Received Import Request.
  Time since last request: 751620.783002 seconds.
  path: Assets/Assets/Skybox/Customizable Skybox/Stylized Sky/Materials/Day2.mat
  artifactKey: Guid(5c80d49013691df48ac94280337e88ce) Importer(815301076,1909f56bfc062723c751e8b465ee728b)
Start importing Assets/Assets/Skybox/Customizable Skybox/Stylized Sky/Materials/Day2.mat using Guid(5c80d49013691df48ac94280337e88ce) Importer(815301076,1909f56bfc062723c751e8b465ee728b)  -> (artifact id: '2cdf432f5bf6085e26ce56b2412fab3d') in 0.569003 seconds 
========================================================================
Received Import Request.
  Time since last request: 72.409121 seconds.
  path: Assets/Assets/Skybox/Customizable Skybox/Model/Materials/dark trunk.mat
  artifactKey: Guid(b50f1c4e199dc3b47b56b0880d757857) Importer(815301076,1909f56bfc062723c751e8b465ee728b)
Start importing Assets/Assets/Skybox/Customizable Skybox/Model/Materials/dark trunk.mat using Guid(b50f1c4e199dc3b47b56b0880d757857) Importer(815301076,1909f56bfc062723c751e8b465ee728b)  -> (artifact id: '5ed2aa26a29aaf043f8ae06803f52139') in 0.024301 seconds 
========================================================================
Received Import Request.
  Time since last request: 0.000056 seconds.
  path: Assets/Assets/Skybox/Customizable Skybox/Model/Materials/earth.mat
  artifactKey: Guid(9d1ca55e2263fd54589900465f90d06e) Importer(815301076,1909f56bfc062723c751e8b465ee728b)
Start importing Assets/Assets/Skybox/Customizable Skybox/Model/Materials/earth.mat using Guid(9d1ca55e2263fd54589900465f90d06e) Importer(815301076,1909f56bfc062723c751e8b465ee728b)  -> (artifact id: '10442c192615d78b911df346c9a47656') in 0.008433 seconds 
========================================================================
Received Import Request.
  Time since last request: 0.000134 seconds.
  path: Assets/Assets/Skybox/Customizable Skybox/Model/Materials/Material.003.mat
  artifactKey: Guid(0b82edc333f454f4fab3b93e8ececd1a) Importer(815301076,1909f56bfc062723c751e8b465ee728b)
Start importing Assets/Assets/Skybox/Customizable Skybox/Model/Materials/Material.003.mat using Guid(0b82edc333f454f4fab3b93e8ececd1a) Importer(815301076,1909f56bfc062723c751e8b465ee728b)  -> (artifact id: 'f584f382f7f5f9df768e95e0210285d6') in 0.008453 seconds 
========================================================================
Received Import Request.
  Time since last request: 0.000048 seconds.
  path: Assets/Assets/Skybox/Customizable Skybox/Model/Materials/No Name.mat
  artifactKey: Guid(9fe81213c48f6e944a8a30f76f30a9c7) Importer(815301076,1909f56bfc062723c751e8b465ee728b)
Start importing Assets/Assets/Skybox/Customizable Skybox/Model/Materials/No Name.mat using Guid(9fe81213c48f6e944a8a30f76f30a9c7) Importer(815301076,1909f56bfc062723c751e8b465ee728b)  -> (artifact id: '15db25ffd40b141d03bead27789eb6e4') in 0.012232 seconds 
========================================================================
Received Import Request.
  Time since last request: 47.724402 seconds.
  path: Assets/Assets/中式家具/Chinese Room/Models/Materials/wood 3.mat
  artifactKey: Guid(4b5df7d091062e74ba408db4982df7ab) Importer(815301076,1909f56bfc062723c751e8b465ee728b)
Start importing Assets/Assets/中式家具/Chinese Room/Models/Materials/wood 3.mat using Guid(4b5df7d091062e74ba408db4982df7ab) Importer(815301076,1909f56bfc062723c751e8b465ee728b) WARNING: RGBA Compressed ASTC6X6 sRGB format is not supported, decompressing texture
 -> (artifact id: 'a3ceb6e872b78643028c3ce05812ec43') in 0.034573 seconds 
========================================================================
Received Import Request.
  Time since last request: 0.575587 seconds.
  path: Assets/Assets/中式家具/Chinese Room/Models/Materials/window glass.mat
  artifactKey: Guid(12fe121ec29302f44aa247a66dbcdd6c) Importer(815301076,1909f56bfc062723c751e8b465ee728b)
Start importing Assets/Assets/中式家具/Chinese Room/Models/Materials/window glass.mat using Guid(12fe121ec29302f44aa247a66dbcdd6c) Importer(815301076,1909f56bfc062723c751e8b465ee728b)  -> (artifact id: 'c29cc33bd13a6943b03db5322b6ea51b') in 0.025283 seconds 
========================================================================
Received Import Request.
  Time since last request: 0.046681 seconds.
  path: Assets/Assets/中式家具/Chinese Room/PostProcessing/Utilities/CustomMotionTexture/Materials/WheelMotionVectors.mat
  artifactKey: Guid(055f7217f136349d9b68e82b9e987dae) Importer(815301076,1909f56bfc062723c751e8b465ee728b)
Start importing Assets/Assets/中式家具/Chinese Room/PostProcessing/Utilities/CustomMotionTexture/Materials/WheelMotionVectors.mat using Guid(055f7217f136349d9b68e82b9e987dae) Importer(815301076,1909f56bfc062723c751e8b465ee728b) WARNING: RGBA Compressed ASTC6X6 sRGB format is not supported, decompressing texture
 -> (artifact id: 'e5b4859af597a1f4b38f852e2b5eb5b9') in 0.013117 seconds 
========================================================================
Received Import Request.
  Time since last request: 0.578042 seconds.
  path: Assets/Assets/中式家具/Chinese Room/Models/Materials/wall 1.mat
  artifactKey: Guid(f3de21498eff8f746a22aebb40c1d956) Importer(815301076,1909f56bfc062723c751e8b465ee728b)
Start importing Assets/Assets/中式家具/Chinese Room/Models/Materials/wall 1.mat using Guid(f3de21498eff8f746a22aebb40c1d956) Importer(815301076,1909f56bfc062723c751e8b465ee728b) WARNING: RGBA Compressed ASTC6X6 sRGB format is not supported, decompressing texture
 -> (artifact id: 'f12cec1204d8e44b7fb40d2478e51489') in 0.024071 seconds 
========================================================================
Received Import Request.
  Time since last request: 0.000062 seconds.
  path: Assets/Assets/中式家具/Chinese Room/Models/Materials/vase 1.mat
  artifactKey: Guid(ebc3dd31a943af9438148318e38b97bd) Importer(815301076,1909f56bfc062723c751e8b465ee728b)
Start importing Assets/Assets/中式家具/Chinese Room/Models/Materials/vase 1.mat using Guid(ebc3dd31a943af9438148318e38b97bd) Importer(815301076,1909f56bfc062723c751e8b465ee728b) WARNING: RGBA Compressed ASTC6X6 sRGB format is not supported, decompressing texture
 -> (artifact id: '8ec190688d396aaef8145d409b4a3191') in 0.022991 seconds 
========================================================================
Received Import Request.
  Time since last request: 0.003938 seconds.
  path: Assets/Assets/中式家具/Chinese Room/Models/Materials/vase.mat
  artifactKey: Guid(b3a437ac9f1bed14fb8aa33bb604eb4a) Importer(815301076,1909f56bfc062723c751e8b465ee728b)
Start importing Assets/Assets/中式家具/Chinese Room/Models/Materials/vase.mat using Guid(b3a437ac9f1bed14fb8aa33bb604eb4a) Importer(815301076,1909f56bfc062723c751e8b465ee728b) WARNING: RGBA Compressed ASTC6X6 sRGB format is not supported, decompressing texture
 -> (artifact id: 'fa32fa7582ea0da01790c9ad9a5dbe6d') in 0.018991 seconds 
========================================================================
Received Import Request.
  Time since last request: 0.525249 seconds.
  path: Assets/Assets/中式家具/Chinese Room/Models/Materials/tablecloth.mat
  artifactKey: Guid(ec53f83f29b969242afcd8fdec196c06) Importer(815301076,1909f56bfc062723c751e8b465ee728b)
Start importing Assets/Assets/中式家具/Chinese Room/Models/Materials/tablecloth.mat using Guid(ec53f83f29b969242afcd8fdec196c06) Importer(815301076,1909f56bfc062723c751e8b465ee728b) WARNING: RGBA Compressed ASTC6X6 sRGB format is not supported, decompressing texture
WARNING: RGBA Compressed ASTC6X6 UNorm format is not supported, decompressing texture
 -> (artifact id: 'c9673b1d883d027e4260b4efb7f5517d') in 0.036912 seconds 
========================================================================
Received Import Request.
  Time since last request: 0.608897 seconds.
  path: Assets/Assets/中式家具/Chinese Room/Models/Materials/screen.mat
  artifactKey: Guid(4782e1fe2ff8e544391fd8cb45aea660) Importer(815301076,1909f56bfc062723c751e8b465ee728b)
Start importing Assets/Assets/中式家具/Chinese Room/Models/Materials/screen.mat using Guid(4782e1fe2ff8e544391fd8cb45aea660) Importer(815301076,1909f56bfc062723c751e8b465ee728b) WARNING: RGBA Compressed ASTC6X6 sRGB format is not supported, decompressing texture
 -> (artifact id: '68c797d749bf22798e426e04119f722c') in 0.022136 seconds 
========================================================================
Received Import Request.
  Time since last request: 3.534971 seconds.
  path: Assets/Assets/中式家具/Chinese Room/Models/Materials/Plant3.mat
  artifactKey: Guid(366c3777489f0b846aefaba9a877dcf0) Importer(815301076,1909f56bfc062723c751e8b465ee728b)
Start importing Assets/Assets/中式家具/Chinese Room/Models/Materials/Plant3.mat using Guid(366c3777489f0b846aefaba9a877dcf0) Importer(815301076,1909f56bfc062723c751e8b465ee728b) WARNING: RGBA Compressed ASTC6X6 sRGB format is not supported, decompressing texture
 -> (artifact id: '65af90f55cbc5bfb4efd4440ed715101') in 0.038808 seconds 
========================================================================
Received Import Request.
  Time since last request: 504.084800 seconds.
  path: Assets/Assets/中式家具/Chinese Room/Prefabs/Branch.prefab
  artifactKey: Guid(6e6a5b5abe778cc43906455364228eaa) Importer(815301076,1909f56bfc062723c751e8b465ee728b)
Start importing Assets/Assets/中式家具/Chinese Room/Prefabs/Branch.prefab using Guid(6e6a5b5abe778cc43906455364228eaa) Importer(815301076,1909f56bfc062723c751e8b465ee728b) WARNING: RGBA Compressed ASTC6X6 sRGB format is not supported, decompressing texture
WARNING: RGBA Compressed ASTC6X6 sRGB format is not supported, decompressing texture
 -> (artifact id: 'c777cf7e5a39dda0cd8216a195f35bd2') in 0.237888 seconds 
========================================================================
Received Import Request.
  Time since last request: 319.257230 seconds.
  path: Assets/Assets/中式家具/Chinese Room/Models/Bamboo.FBX
  artifactKey: Guid(1cfdc5c83cf893149b8c825404072f01) Importer(815301076,1909f56bfc062723c751e8b465ee728b)
Start importing Assets/Assets/中式家具/Chinese Room/Models/Bamboo.FBX using Guid(1cfdc5c83cf893149b8c825404072f01) Importer(815301076,1909f56bfc062723c751e8b465ee728b) WARNING: RGBA Compressed ASTC6X6 UNorm format is not supported, decompressing texture
WARNING: RGBA Compressed ASTC6X6 sRGB format is not supported, decompressing texture
 -> (artifact id: 'ad5a9ee77526c686697617236b6f61ab') in 0.311858 seconds 
========================================================================
Received Import Request.
  Time since last request: 0.000063 seconds.
  path: Assets/Assets/中式家具/Chinese Room/Models/Window.FBX
  artifactKey: Guid(927472c576a55b341a0f71ecab07a349) Importer(815301076,1909f56bfc062723c751e8b465ee728b)
Start importing Assets/Assets/中式家具/Chinese Room/Models/Window.FBX using Guid(927472c576a55b341a0f71ecab07a349) Importer(815301076,1909f56bfc062723c751e8b465ee728b) WARNING: RGBA Compressed ASTC6X6 sRGB format is not supported, decompressing texture
 -> (artifact id: '821b10bad0181bfc5ee35658472cf390') in 0.034903 seconds 
========================================================================
Received Import Request.
  Time since last request: 0.000051 seconds.
  path: Assets/Assets/中式家具/Chinese Room/Models/Partition wall.FBX
  artifactKey: Guid(c6e933ec0c15a094aad5392017211779) Importer(815301076,1909f56bfc062723c751e8b465ee728b)
Start importing Assets/Assets/中式家具/Chinese Room/Models/Partition wall.FBX using Guid(c6e933ec0c15a094aad5392017211779) Importer(815301076,1909f56bfc062723c751e8b465ee728b) WARNING: RGBA Compressed ASTC6X6 sRGB format is not supported, decompressing texture
WARNING: RGBA Compressed ASTC6X6 UNorm format is not supported, decompressing texture
WARNING: RGBA Compressed ASTC6X6 sRGB format is not supported, decompressing texture
WARNING: RGBA Compressed ASTC6X6 UNorm format is not supported, decompressing texture
 -> (artifact id: '6e6421ecf33e51e4ac919809ac5e78a5') in 0.086069 seconds 
========================================================================
Received Import Request.
  Time since last request: 11.399608 seconds.
  path: Assets/Assets/中式家具/Chinese Room/Prefabs/Window.prefab
  artifactKey: Guid(7f4791aa95ca2df4ca917b095637dede) Importer(815301076,1909f56bfc062723c751e8b465ee728b)
Start importing Assets/Assets/中式家具/Chinese Room/Prefabs/Window.prefab using Guid(7f4791aa95ca2df4ca917b095637dede) Importer(815301076,1909f56bfc062723c751e8b465ee728b) WARNING: RGBA Compressed ASTC6X6 sRGB format is not supported, decompressing texture
 -> (artifact id: '77a7e25e5c094d8ad8cad6c0039e8f62') in 0.021659 seconds 
========================================================================
Received Prepare
Refreshing native plugins compatible for Editor in 17.24 ms, found 3 plugins.
Preloading 1 native plugins for Editor in 0.33 ms.
Unloading 53 Unused Serialized files (Serialized files now loaded: 0)
Unloading 54 unused Assets / (0.8 MB). Loaded Objects now: 6208.
Memory consumption went from 313.2 MB to 312.3 MB.
Total: 6.150440 ms (FindLiveObjects: 0.401096 ms CreateObjectMapping: 0.467928 ms MarkObjects: 4.910492 ms  DeleteObjects: 0.370410 ms)

AssetImportParameters requested are different than current active one (requested -> active):
  custom:video-decoder-ogg-theora: a1e56fd34408186e4bbccfd4996cb3dc -> 
  custom:container-muxer-webm: aa71ff27fc2769a1b78a27578f13a17b -> 
  custom:container-demuxer-webm: 4f35f7cbe854078d1ac9338744f61a02 -> 
  custom:video-encoder-webm-vp8: eb34c28f22e8b96e1ab97ce403110664 -> 
  custom:framework-osx-AVFoundation: b23960f63f64bdc6ff669e2cdcee2391 -> 
  custom:audio-encoder-webm-vorbis: bf7c407c2cedff20999df2af8eb42d56 -> 
  custom:container-demuxer-ogg: 62fdf1f143b41e24485cea50d1cbac27 -> 
  custom:video-decoder-webm-vp8: 9c59270c3fd7afecdb556c50c9e8de78 -> 
  custom:audio-decoder-ogg-vorbis: bf7c407c2cedff20999df2af8eb42d56 -> 
