Using pre-set license
Built from '2021.2/staging' branch; Version is '2021.2.19f1 (602ecdbb2fb0) revision 6303437'; Using compiler version '192829333'; Build Type 'Release'
OS: 'Windows 11  (10.0.22000) 64bit Core' Language: 'en' Physical Memory: 16045 MB
BatchMode: 1, IsHumanControllingUs: 0, StartBugReporterOnCrash: 0, Is64bit: 1, IsPro: 1

COMMAND LINE ARGUMENTS:
C:\Program Files\Unity\2021.2.19f1\Editor\Unity.exe
-adb2
-batchMode
-noUpm
-name
AssetImportWorker1
-projectPath
C:/Users/zchen/Documents/GitHub/Unity-VR-final-project/Unity VR Final Group
-logFile
Logs/AssetImportWorker1.log
-srvPort
57537
Successfully changed project path to: C:/Users/zchen/Documents/GitHub/Unity-VR-final-project/Unity VR Final Group
C:/Users/zchen/Documents/GitHub/Unity-VR-final-project/Unity VR Final Group
[UnityMemory] Configuration Parameters - Can be set up in boot.config
    "memorysetup-bucket-allocator-granularity=16"
    "memorysetup-bucket-allocator-bucket-count=8"
    "memorysetup-bucket-allocator-block-size=33554432"
    "memorysetup-bucket-allocator-block-count=8"
    "memorysetup-main-allocator-block-size=16777216"
    "memorysetup-thread-allocator-block-size=16777216"
    "memorysetup-gfx-main-allocator-block-size=16777216"
    "memorysetup-gfx-thread-allocator-block-size=16777216"
    "memorysetup-cache-allocator-block-size=4194304"
    "memorysetup-typetree-allocator-block-size=2097152"
    "memorysetup-profiler-bucket-allocator-granularity=16"
    "memorysetup-profiler-bucket-allocator-bucket-count=8"
    "memorysetup-profiler-bucket-allocator-block-size=33554432"
    "memorysetup-profiler-bucket-allocator-block-count=8"
    "memorysetup-profiler-allocator-block-size=16777216"
    "memorysetup-profiler-editor-allocator-block-size=1048576"
    "memorysetup-temp-allocator-size-main=16777216"
    "memorysetup-job-temp-allocator-block-size=2097152"
    "memorysetup-job-temp-allocator-block-size-background=1048576"
    "memorysetup-job-temp-allocator-reduction-small-platforms=262144"
    "memorysetup-temp-allocator-size-background-worker=32768"
    "memorysetup-temp-allocator-size-job-worker=262144"
    "memorysetup-temp-allocator-size-preload-manager=33554432"
    "memorysetup-temp-allocator-size-nav-mesh-worker=65536"
    "memorysetup-temp-allocator-size-audio-worker=65536"
    "memorysetup-temp-allocator-size-cloud-worker=32768"
    "memorysetup-temp-allocator-size-gi-baking-worker=262144"
    "memorysetup-temp-allocator-size-gfx=262144"
Refreshing native plugins compatible for Editor in 173.68 ms, found 12 plugins.
Preloading 1 native plugins for Editor in 2.36 ms.
Initialize engine version: 2021.2.19f1 (602ecdbb2fb0)
[Subsystems] Discovering subsystems at path C:/Program Files/Unity/2021.2.19f1/Editor/Data/Resources/UnitySubsystems
[Subsystems] Discovering subsystems at path C:/Users/zchen/Documents/GitHub/Unity-VR-final-project/Unity VR Final Group/Assets
GfxDevice: creating device client; threaded=0; jobified=0
Direct3D:
    Version:  Direct3D 11.0 [level 11.1]
    Renderer: NVIDIA GeForce RTX 3070 Laptop GPU (ID=0x24dd)
    Vendor:   NVIDIA
    VRAM:     8044 MB
    Driver:   30.0.15.1215
Shader 'Oculus/OVRMRCameraFrameLit': fallback shader 'Alpha-Diffuse' not found
Initialize mono
Mono path[0] = 'C:/Program Files/Unity/2021.2.19f1/Editor/Data/Managed'
Mono path[1] = 'C:/Program Files/Unity/2021.2.19f1/Editor/Data/MonoBleedingEdge/lib/mono/unityjit-win32'
Mono config path = 'C:/Program Files/Unity/2021.2.19f1/Editor/Data/MonoBleedingEdge/etc'
Using monoOptions --debugger-agent=transport=dt_socket,embedding=1,server=y,suspend=n,address=127.0.0.1:56404
Begin MonoManager ReloadAssembly
Registering precompiled unity dll's ...
Register platform support module: C:/Program Files/Unity/2021.2.19f1/Editor/Data/PlaybackEngines/WebGLSupport/UnityEditor.WebGL.Extensions.dll
Register platform support module: C:/Program Files/Unity/2021.2.19f1/Editor/Data/PlaybackEngines/AndroidPlayer/UnityEditor.Android.Extensions.dll
Register platform support module: C:/Program Files/Unity/2021.2.19f1/Editor/Data/PlaybackEngines/iOSSupport/UnityEditor.iOS.Extensions.dll
Register platform support module: C:/Program Files/Unity/2021.2.19f1/Editor/Data/PlaybackEngines/WindowsStandaloneSupport/UnityEditor.WindowsStandalone.Extensions.dll
Registered in 0.019499 seconds.
Native extension for WindowsStandalone target not found
Native extension for iOS target not found
Native extension for Android target not found
Native extension for WebGL target not found
Refreshing native plugins compatible for Editor in 127.97 ms, found 12 plugins.
Preloading 1 native plugins for Editor in 0.37 ms.
Mono: successfully reloaded assembly
- Completed reload, in  0.697 seconds
Domain Reload Profiling:
	ReloadAssembly (697ms)
		BeginReloadAssembly (82ms)
			ExecutionOrderSort (0ms)
			DisableScriptedObjects (0ms)
			BackupInstance (0ms)
			ReleaseScriptingObjects (0ms)
			CreateAndSetChildDomain (1ms)
		EndReloadAssembly (493ms)
			LoadAssemblies (79ms)
			RebuildTransferFunctionScriptingTraits (0ms)
			SetupTypeCache (99ms)
			ReleaseScriptCaches (0ms)
			RebuildScriptCaches (24ms)
			SetupLoadedEditorAssemblies (311ms)
				LogAssemblyErrors (0ms)
				InitializePlatformSupportModulesInManaged (62ms)
				SetLoadedEditorAssemblies (0ms)
				RefreshPlugins (128ms)
				BeforeProcessingInitializeOnLoad (1ms)
				ProcessInitializeOnLoadAttributes (76ms)
				ProcessInitializeOnLoadMethodAttributes (43ms)
				AfterProcessingInitializeOnLoad (0ms)
				EditorAssembliesLoaded (0ms)
			ExecutionOrderSort2 (0ms)
			AwakeInstancesAfterBackupRestoration (0ms)
Platform modules already initialized, skipping
Registering precompiled user dll's ...
Registered in 0.020671 seconds.
Android Extension - Scanning For ADB Devices 729 ms
Begin MonoManager ReloadAssembly
Native extension for WindowsStandalone target not found
Native extension for iOS target not found
Native extension for Android target not found
Native extension for WebGL target not found
Refreshing native plugins compatible for Editor in 134.59 ms, found 12 plugins.
Preloading 1 native plugins for Editor in 0.12 ms.
Package Manager log level set to [2]
[XR] OculusXRPlugin: registering subsystems
[XR] Unable to register display lifecyle provider: [1]
[XR] Oculus Input lifecycle provider registered.
[XR] Unable to register input lifecyle provider: [1]
[XR] OVRP version 1.70.0
Mono: successfully reloaded assembly
- Completed reload, in  1.551 seconds
Domain Reload Profiling:
	ReloadAssembly (1552ms)
		BeginReloadAssembly (114ms)
			ExecutionOrderSort (0ms)
			DisableScriptedObjects (5ms)
			BackupInstance (0ms)
			ReleaseScriptingObjects (0ms)
			CreateAndSetChildDomain (18ms)
		EndReloadAssembly (1330ms)
			LoadAssemblies (131ms)
			RebuildTransferFunctionScriptingTraits (0ms)
			SetupTypeCache (321ms)
			ReleaseScriptCaches (1ms)
			RebuildScriptCaches (74ms)
			SetupLoadedEditorAssemblies (748ms)
				LogAssemblyErrors (0ms)
				InitializePlatformSupportModulesInManaged (38ms)
				SetLoadedEditorAssemblies (0ms)
				RefreshPlugins (135ms)
				BeforeProcessingInitializeOnLoad (160ms)
				ProcessInitializeOnLoadAttributes (325ms)
				ProcessInitializeOnLoadMethodAttributes (75ms)
				AfterProcessingInitializeOnLoad (15ms)
				EditorAssembliesLoaded (0ms)
			ExecutionOrderSort2 (0ms)
			AwakeInstancesAfterBackupRestoration (7ms)
Platform modules already initialized, skipping
========================================================================
Worker process is ready to serve import requests
Shader 'Oculus/OVRMRCameraFrameLit': fallback shader 'Alpha-Diffuse' not found
Launched and connected shader compiler UnityShaderCompiler.exe after 0.06 seconds
Refreshing native plugins compatible for Editor in 1.57 ms, found 12 plugins.
Preloading 1 native plugins for Editor in 0.13 ms.
Unloading 6633 Unused Serialized files (Serialized files now loaded: 0)
Unloading 79 unused Assets / (0.5 MB). Loaded Objects now: 7052.
Memory consumption went from 274.2 MB to 273.7 MB.
Total: 4.237600 ms (FindLiveObjects: 0.646700 ms CreateObjectMapping: 0.355800 ms MarkObjects: 2.920000 ms  DeleteObjects: 0.313700 ms)

AssetImportParameters requested are different than current active one (requested -> active):
  custom:video-decoder-ogg-theora: a1e56fd34408186e4bbccfd4996cb3dc -> 
  custom:container-muxer-webm: aa71ff27fc2769a1b78a27578f13a17b -> 
  custom:container-demuxer-webm: 4f35f7cbe854078d1ac9338744f61a02 -> 
  custom:video-encoder-webm-vp8: eb34c28f22e8b96e1ab97ce403110664 -> 
  custom:video-codec-MediaFoundation-h265: 746d11721c4dcdbdad8f713fa42b33f4 -> 
  custom:audio-encoder-webm-vorbis: bf7c407c2cedff20999df2af8eb42d56 -> 
  custom:framework-win-MediaFoundation: 216162199b28c13a410421893ffa2e32 -> 
  custom:container-demuxer-ogg: 62fdf1f143b41e24485cea50d1cbac27 -> 
  custom:video-decoder-webm-vp8: 9c59270c3fd7afecdb556c50c9e8de78 -> 
  custom:audio-decoder-ogg-vorbis: bf7c407c2cedff20999df2af8eb42d56 -> 
========================================================================
Received Prepare
Registering precompiled user dll's ...
Registered in 0.021871 seconds.
Begin MonoManager ReloadAssembly
Native extension for WindowsStandalone target not found
Native extension for iOS target not found
Native extension for Android target not found
Native extension for WebGL target not found
Refreshing native plugins compatible for Editor in 1.81 ms, found 12 plugins.
Preloading 1 native plugins for Editor in 0.12 ms.
Mono: successfully reloaded assembly
- Completed reload, in  1.392 seconds
Domain Reload Profiling:
	ReloadAssembly (1392ms)
		BeginReloadAssembly (183ms)
			ExecutionOrderSort (0ms)
			DisableScriptedObjects (4ms)
			BackupInstance (0ms)
			ReleaseScriptingObjects (0ms)
			CreateAndSetChildDomain (49ms)
		EndReloadAssembly (1095ms)
			LoadAssemblies (173ms)
			RebuildTransferFunctionScriptingTraits (0ms)
			SetupTypeCache (318ms)
			ReleaseScriptCaches (3ms)
			RebuildScriptCaches (46ms)
			SetupLoadedEditorAssemblies (508ms)
				LogAssemblyErrors (0ms)
				InitializePlatformSupportModulesInManaged (37ms)
				SetLoadedEditorAssemblies (0ms)
				RefreshPlugins (2ms)
				BeforeProcessingInitializeOnLoad (136ms)
				ProcessInitializeOnLoadAttributes (245ms)
				ProcessInitializeOnLoadMethodAttributes (67ms)
				AfterProcessingInitializeOnLoad (20ms)
				EditorAssembliesLoaded (0ms)
			ExecutionOrderSort2 (0ms)
			AwakeInstancesAfterBackupRestoration (12ms)
Platform modules already initialized, skipping
Shader 'Oculus/OVRMRCameraFrameLit': fallback shader 'Alpha-Diffuse' not found
Refreshing native plugins compatible for Editor in 11.32 ms, found 12 plugins.
Preloading 1 native plugins for Editor in 0.11 ms.
Unloading 6402 Unused Serialized files (Serialized files now loaded: 0)
Unloading 69 unused Assets / (487.0 KB). Loaded Objects now: 7056.
Memory consumption went from 257.4 MB to 257.0 MB.
Total: 4.238300 ms (FindLiveObjects: 0.628500 ms CreateObjectMapping: 0.384700 ms MarkObjects: 2.884300 ms  DeleteObjects: 0.339800 ms)

AssetImportParameters requested are different than current active one (requested -> active):
  custom:video-decoder-ogg-theora: a1e56fd34408186e4bbccfd4996cb3dc -> 
  custom:container-muxer-webm: aa71ff27fc2769a1b78a27578f13a17b -> 
  custom:container-demuxer-webm: 4f35f7cbe854078d1ac9338744f61a02 -> 
  custom:video-encoder-webm-vp8: eb34c28f22e8b96e1ab97ce403110664 -> 
  custom:video-codec-MediaFoundation-h265: 746d11721c4dcdbdad8f713fa42b33f4 -> 
  custom:audio-encoder-webm-vorbis: bf7c407c2cedff20999df2af8eb42d56 -> 
  custom:framework-win-MediaFoundation: 216162199b28c13a410421893ffa2e32 -> 
  custom:container-demuxer-ogg: 62fdf1f143b41e24485cea50d1cbac27 -> 
  custom:video-decoder-webm-vp8: 9c59270c3fd7afecdb556c50c9e8de78 -> 
  custom:audio-decoder-ogg-vorbis: bf7c407c2cedff20999df2af8eb42d56 -> 
========================================================================
Received Import Request.
  Time since last request: 24070.792360 seconds.
  path: Assets/Oculus/SampleFramework/Usage/OVROverlay/Textures/OVRDisplayCompositorLayerText.png
  artifactKey: Guid(24e7dc2f4ba252f4684f3c7870f343d0) Importer(815301076,1909f56bfc062723c751e8b465ee728b)
Start importing Assets/Oculus/SampleFramework/Usage/OVROverlay/Textures/OVRDisplayCompositorLayerText.png using Guid(24e7dc2f4ba252f4684f3c7870f343d0) Importer(815301076,1909f56bfc062723c751e8b465ee728b)  -> (artifact id: '8788579c1a09b1140e31d928ce1e8a58') in 0.117597 seconds 
========================================================================
Received Import Request.
  Time since last request: 0.706581 seconds.
  path: Assets/Oculus/VR/Prefabs/OVRTrackedKeyboard/OVRHandMask_R.prefab
  artifactKey: Guid(f87c1bb867ed6194ea69c0d3a05a6209) Importer(815301076,1909f56bfc062723c751e8b465ee728b)
Start importing Assets/Oculus/VR/Prefabs/OVRTrackedKeyboard/OVRHandMask_R.prefab using Guid(f87c1bb867ed6194ea69c0d3a05a6209) Importer(815301076,1909f56bfc062723c751e8b465ee728b)  -> (artifact id: 'da9c7d07445c8f6f829c3ef9eff3fbd1') in 0.203192 seconds 
========================================================================
Received Prepare
Registering precompiled user dll's ...
Registered in 0.022034 seconds.
Begin MonoManager ReloadAssembly
Native extension for WindowsStandalone target not found
Native extension for iOS target not found
Native extension for Android target not found
Native extension for WebGL target not found
Refreshing native plugins compatible for Editor in 1.70 ms, found 12 plugins.
Preloading 1 native plugins for Editor in 0.22 ms.
Mono: successfully reloaded assembly
- Completed reload, in  1.606 seconds
Domain Reload Profiling:
	ReloadAssembly (1607ms)
		BeginReloadAssembly (203ms)
			ExecutionOrderSort (0ms)
			DisableScriptedObjects (5ms)
			BackupInstance (0ms)
			ReleaseScriptingObjects (0ms)
			CreateAndSetChildDomain (60ms)
		EndReloadAssembly (1276ms)
			LoadAssemblies (183ms)
			RebuildTransferFunctionScriptingTraits (0ms)
			SetupTypeCache (345ms)
			ReleaseScriptCaches (3ms)
			RebuildScriptCaches (89ms)
			SetupLoadedEditorAssemblies (542ms)
				LogAssemblyErrors (0ms)
				InitializePlatformSupportModulesInManaged (41ms)
				SetLoadedEditorAssemblies (0ms)
				RefreshPlugins (2ms)
				BeforeProcessingInitializeOnLoad (147ms)
				ProcessInitializeOnLoadAttributes (261ms)
				ProcessInitializeOnLoadMethodAttributes (74ms)
				AfterProcessingInitializeOnLoad (17ms)
				EditorAssembliesLoaded (0ms)
			ExecutionOrderSort2 (0ms)
			AwakeInstancesAfterBackupRestoration (15ms)
Platform modules already initialized, skipping
Shader 'Oculus/OVRMRCameraFrameLit': fallback shader 'Alpha-Diffuse' not found
Refreshing native plugins compatible for Editor in 19.99 ms, found 12 plugins.
Preloading 1 native plugins for Editor in 0.16 ms.
Unloading 6408 Unused Serialized files (Serialized files now loaded: 0)
Unloading 70 unused Assets / (488.2 KB). Loaded Objects now: 7114.
Memory consumption went from 264.5 MB to 264.0 MB.
Total: 4.681800 ms (FindLiveObjects: 0.575400 ms CreateObjectMapping: 0.331000 ms MarkObjects: 3.337400 ms  DeleteObjects: 0.437300 ms)

AssetImportParameters requested are different than current active one (requested -> active):
  custom:video-decoder-ogg-theora: a1e56fd34408186e4bbccfd4996cb3dc -> 
  custom:container-muxer-webm: aa71ff27fc2769a1b78a27578f13a17b -> 
  custom:container-demuxer-webm: 4f35f7cbe854078d1ac9338744f61a02 -> 
  custom:video-encoder-webm-vp8: eb34c28f22e8b96e1ab97ce403110664 -> 
  custom:video-codec-MediaFoundation-h265: 746d11721c4dcdbdad8f713fa42b33f4 -> 
  custom:audio-encoder-webm-vorbis: bf7c407c2cedff20999df2af8eb42d56 -> 
  custom:framework-win-MediaFoundation: 216162199b28c13a410421893ffa2e32 -> 
  custom:container-demuxer-ogg: 62fdf1f143b41e24485cea50d1cbac27 -> 
  custom:video-decoder-webm-vp8: 9c59270c3fd7afecdb556c50c9e8de78 -> 
  custom:audio-decoder-ogg-vorbis: bf7c407c2cedff20999df2af8eb42d56 -> 
========================================================================
Received Import Request.
  Time since last request: 992.161409 seconds.
  path: Assets/Oculus/SampleFramework/Usage/HandsTrainExample/Materials/ControllerBoxGlow.mat
  artifactKey: Guid(a439cfb9369c1404d9db2e5580667b14) Importer(815301076,1909f56bfc062723c751e8b465ee728b)
Start importing Assets/Oculus/SampleFramework/Usage/HandsTrainExample/Materials/ControllerBoxGlow.mat using Guid(a439cfb9369c1404d9db2e5580667b14) Importer(815301076,1909f56bfc062723c751e8b465ee728b)  -> (artifact id: 'd11124e75bbadd8a52622e0bba92f75e') in 0.290737 seconds 
========================================================================
Received Import Request.
  Time since last request: 0.000033 seconds.
  path: Assets/Assets/Skybox/Customizable Skybox/Materials/earth.mat
  artifactKey: Guid(ef6223db6cd2fd94481bcb5ce352cc30) Importer(815301076,1909f56bfc062723c751e8b465ee728b)
Start importing Assets/Assets/Skybox/Customizable Skybox/Materials/earth.mat using Guid(ef6223db6cd2fd94481bcb5ce352cc30) Importer(815301076,1909f56bfc062723c751e8b465ee728b)  -> (artifact id: 'a9fa2fa308dcce429573cd7682aa3835') in 0.029923 seconds 
========================================================================
Received Import Request.
  Time since last request: 0.000052 seconds.
  path: Assets/Assets/Skybox/Customizable Skybox/Model/Materials/dark trunk.mat
  artifactKey: Guid(b50f1c4e199dc3b47b56b0880d757857) Importer(815301076,1909f56bfc062723c751e8b465ee728b)
Start importing Assets/Assets/Skybox/Customizable Skybox/Model/Materials/dark trunk.mat using Guid(b50f1c4e199dc3b47b56b0880d757857) Importer(815301076,1909f56bfc062723c751e8b465ee728b)  -> (artifact id: '500adc0bfe2e23345dd2985cd89d503c') in 0.028575 seconds 
========================================================================
Received Import Request.
  Time since last request: 0.000034 seconds.
  path: Assets/Assets/Skybox/Customizable Skybox/Materials/darken leafs.mat
  artifactKey: Guid(3020cfb028abb6c4f977e1db1f72bef5) Importer(815301076,1909f56bfc062723c751e8b465ee728b)
Start importing Assets/Assets/Skybox/Customizable Skybox/Materials/darken leafs.mat using Guid(3020cfb028abb6c4f977e1db1f72bef5) Importer(815301076,1909f56bfc062723c751e8b465ee728b)  -> (artifact id: '1da30f23e546fadf894d400d7c2e67f1') in 0.023811 seconds 
========================================================================
Received Import Request.
  Time since last request: 0.000033 seconds.
  path: Assets/Oculus/Interaction/Samples/Objects/Props/Torch/Particles/Materials/Flame.mat
  artifactKey: Guid(3e65fe499b776f247904d42c1a65d082) Importer(815301076,1909f56bfc062723c751e8b465ee728b)
Start importing Assets/Oculus/Interaction/Samples/Objects/Props/Torch/Particles/Materials/Flame.mat using Guid(3e65fe499b776f247904d42c1a65d082) Importer(815301076,1909f56bfc062723c751e8b465ee728b)  -> (artifact id: '04ee4b57eecb382627e8daa47645d4c9') in 0.030242 seconds 
========================================================================
Received Import Request.
  Time since last request: 0.000035 seconds.
  path: Assets/Assets/Skybox/Customizable Skybox/Stylized Sky/Materials/Day1.mat
  artifactKey: Guid(9aa8ed67591432941bb76f12eb23ff91) Importer(815301076,1909f56bfc062723c751e8b465ee728b)
Start importing Assets/Assets/Skybox/Customizable Skybox/Stylized Sky/Materials/Day1.mat using Guid(9aa8ed67591432941bb76f12eb23ff91) Importer(815301076,1909f56bfc062723c751e8b465ee728b)  -> (artifact id: '5f620ab9d6ec357aeb78a41bffe7c106') in 0.028070 seconds 
========================================================================
Received Import Request.
  Time since last request: 0.000037 seconds.
  path: Assets/Assets/Skybox/Customizable Skybox/Materials/dark trunk.mat
  artifactKey: Guid(7c7f7e923f30d8b4193dfc9a7eb33ea9) Importer(815301076,1909f56bfc062723c751e8b465ee728b)
Start importing Assets/Assets/Skybox/Customizable Skybox/Materials/dark trunk.mat using Guid(7c7f7e923f30d8b4193dfc9a7eb33ea9) Importer(815301076,1909f56bfc062723c751e8b465ee728b)  -> (artifact id: '58793f8fad8d060d677cf9943ae0a38e') in 0.021805 seconds 
========================================================================
Received Import Request.
  Time since last request: 0.000042 seconds.
  path: Assets/Assets/中式家具/Chinese Room/Models/Materials/floor.mat
  artifactKey: Guid(1a0eb365757445d4dae65d2cf1fd530c) Importer(815301076,1909f56bfc062723c751e8b465ee728b)
Start importing Assets/Assets/中式家具/Chinese Room/Models/Materials/floor.mat using Guid(1a0eb365757445d4dae65d2cf1fd530c) Importer(815301076,1909f56bfc062723c751e8b465ee728b)  -> (artifact id: '50eb7cd536612b7ec08ffb0d271857bb') in 0.189603 seconds 
========================================================================
Received Import Request.
  Time since last request: 0.000059 seconds.
  path: Assets/Assets/中式家具/Chinese Room/Models/Materials/glasses_.mat
  artifactKey: Guid(e3e871bdf92a866499764dac8610a6f9) Importer(815301076,1909f56bfc062723c751e8b465ee728b)
Start importing Assets/Assets/中式家具/Chinese Room/Models/Materials/glasses_.mat using Guid(e3e871bdf92a866499764dac8610a6f9) Importer(815301076,1909f56bfc062723c751e8b465ee728b)  -> (artifact id: 'c294ece1b1b9a27fedc8194536447763') in 0.037955 seconds 
========================================================================
Received Import Request.
  Time since last request: 0.000030 seconds.
  path: Assets/Oculus/SampleFramework/Core/TouchControllers/Materials/L_controller_MAT.mat
  artifactKey: Guid(0ff51c0175f4bf74a85d0a8a5718b3d8) Importer(815301076,1909f56bfc062723c751e8b465ee728b)
Start importing Assets/Oculus/SampleFramework/Core/TouchControllers/Materials/L_controller_MAT.mat using Guid(0ff51c0175f4bf74a85d0a8a5718b3d8) Importer(815301076,1909f56bfc062723c751e8b465ee728b)  -> (artifact id: 'f4759abeb2ad47af27ef7dc44d946e3e') in 0.032684 seconds 
========================================================================
Received Import Request.
  Time since last request: 0.000033 seconds.
  path: Assets/Assets/Skybox/Customizable Skybox/Model/Materials/green tree.mat
  artifactKey: Guid(c856162727dc18842bc191504f727456) Importer(815301076,1909f56bfc062723c751e8b465ee728b)
Start importing Assets/Assets/Skybox/Customizable Skybox/Model/Materials/green tree.mat using Guid(c856162727dc18842bc191504f727456) Importer(815301076,1909f56bfc062723c751e8b465ee728b)  -> (artifact id: 'dff0443b6f4a76c3c5cb0373ab702eda') in 0.018398 seconds 
========================================================================
Received Import Request.
  Time since last request: 0.000030 seconds.
  path: Assets/Oculus/Spatializer/scenes/materials/Ground.mat
  artifactKey: Guid(e121bf11a9143914dbafa9e733415f2a) Importer(815301076,1909f56bfc062723c751e8b465ee728b)
Start importing Assets/Oculus/Spatializer/scenes/materials/Ground.mat using Guid(e121bf11a9143914dbafa9e733415f2a) Importer(815301076,1909f56bfc062723c751e8b465ee728b)  -> (artifact id: '86992e6c7f4b3b8891615b5ea84c5b86') in 0.017518 seconds 
========================================================================
Received Import Request.
  Time since last request: 0.000032 seconds.
  path: Assets/Oculus/VR/Meshes/HandTracking/OculusHand_L.fbx
  artifactKey: Guid(442d5b4503ed83c4897ef44659446587) Importer(815301076,1909f56bfc062723c751e8b465ee728b)
Start importing Assets/Oculus/VR/Meshes/HandTracking/OculusHand_L.fbx using Guid(442d5b4503ed83c4897ef44659446587) Importer(815301076,1909f56bfc062723c751e8b465ee728b)  -> (artifact id: '84fcfaba5fb31046c584f30f3b04e710') in 0.158253 seconds 
========================================================================
Received Import Request.
  Time since last request: 0.000041 seconds.
  path: Assets/Oculus/SampleFramework/Usage/Passthrough/Materials/FlashlightGlow.mat
  artifactKey: Guid(0f3abb54da8820c4891cbee10f6f037e) Importer(815301076,1909f56bfc062723c751e8b465ee728b)
Start importing Assets/Oculus/SampleFramework/Usage/Passthrough/Materials/FlashlightGlow.mat using Guid(0f3abb54da8820c4891cbee10f6f037e) Importer(815301076,1909f56bfc062723c751e8b465ee728b)  -> (artifact id: '0826f913d5abe872920bc4cc946a9b63') in 0.037902 seconds 
========================================================================
Received Import Request.
  Time since last request: 0.000079 seconds.
  path: Assets/Oculus/SampleFramework/Usage/Locomotion/Materials/MAT_grid_01_dark.mat
  artifactKey: Guid(e3444642a1d1346ba8683c66e1272378) Importer(815301076,1909f56bfc062723c751e8b465ee728b)
Start importing Assets/Oculus/SampleFramework/Usage/Locomotion/Materials/MAT_grid_01_dark.mat using Guid(e3444642a1d1346ba8683c66e1272378) Importer(815301076,1909f56bfc062723c751e8b465ee728b)  -> (artifact id: '0b73fa9f28ad7bce4beb285af68b535c') in 0.032558 seconds 
========================================================================
Received Import Request.
  Time since last request: 0.000033 seconds.
  path: Assets/Oculus/SampleFramework/Usage/Locomotion/Materials/MAT_floor_tile_01.mat
  artifactKey: Guid(5c3d5738fa2d6483bb8a2af0a6f50a66) Importer(815301076,1909f56bfc062723c751e8b465ee728b)
Start importing Assets/Oculus/SampleFramework/Usage/Locomotion/Materials/MAT_floor_tile_01.mat using Guid(5c3d5738fa2d6483bb8a2af0a6f50a66) Importer(815301076,1909f56bfc062723c751e8b465ee728b)  -> (artifact id: '03eebd28c78b1b4f3fcd52bee77affc0') in 0.183424 seconds 
========================================================================
Received Import Request.
  Time since last request: 0.000036 seconds.
  path: Assets/Oculus/SampleFramework/Usage/Locomotion/Materials/MAT_cinderblock_01.mat
  artifactKey: Guid(02c684a5a201b40a4a0418558d9512d1) Importer(815301076,1909f56bfc062723c751e8b465ee728b)
Start importing Assets/Oculus/SampleFramework/Usage/Locomotion/Materials/MAT_cinderblock_01.mat using Guid(02c684a5a201b40a4a0418558d9512d1) Importer(815301076,1909f56bfc062723c751e8b465ee728b)  -> (artifact id: '7fad6db62ed874f68e2f957cfda5e155') in 0.114917 seconds 
========================================================================
Received Import Request.
  Time since last request: 0.000054 seconds.
  path: Assets/Oculus/SampleFramework/Core/Locomotion/Materials/MeterGrid.mat
  artifactKey: Guid(912cbad78358a1d48b357480224f4ad9) Importer(815301076,1909f56bfc062723c751e8b465ee728b)
Start importing Assets/Oculus/SampleFramework/Core/Locomotion/Materials/MeterGrid.mat using Guid(912cbad78358a1d48b357480224f4ad9) Importer(815301076,1909f56bfc062723c751e8b465ee728b)  -> (artifact id: '6d930bb20561fd236fd73e6a8f5f0646') in 0.015896 seconds 
========================================================================
Received Import Request.
  Time since last request: 0.000033 seconds.
  path: Assets/Oculus/SampleFramework/Usage/Passthrough/Materials/MenuBackground.mat
  artifactKey: Guid(cd0bb29d1f8a53e4b9356e3da1632421) Importer(815301076,1909f56bfc062723c751e8b465ee728b)
Start importing Assets/Oculus/SampleFramework/Usage/Passthrough/Materials/MenuBackground.mat using Guid(cd0bb29d1f8a53e4b9356e3da1632421) Importer(815301076,1909f56bfc062723c751e8b465ee728b)  -> (artifact id: '2562f23d26e93e883054a65067beba75') in 0.016513 seconds 
========================================================================
Received Import Request.
  Time since last request: 0.000041 seconds.
  path: Assets/Oculus/LipSync/Models/FemaleHead_Morph/Materials/melinda_DIFF.mat
  artifactKey: Guid(16d9c6ac0607b6446a37514d6e175d44) Importer(815301076,1909f56bfc062723c751e8b465ee728b)
Start importing Assets/Oculus/LipSync/Models/FemaleHead_Morph/Materials/melinda_DIFF.mat using Guid(16d9c6ac0607b6446a37514d6e175d44) Importer(815301076,1909f56bfc062723c751e8b465ee728b)  -> (artifact id: '3295023b6f45305e358340fa35c52c42') in 0.038206 seconds 
========================================================================
Received Import Request.
  Time since last request: 0.000031 seconds.
  path: Assets/Oculus/SampleFramework/Usage/Locomotion/Materials/MAT_concrete_01.mat
  artifactKey: Guid(b825d518262c2453b9c06573f9b21658) Importer(815301076,1909f56bfc062723c751e8b465ee728b)
Start importing Assets/Oculus/SampleFramework/Usage/Locomotion/Materials/MAT_concrete_01.mat using Guid(b825d518262c2453b9c06573f9b21658) Importer(815301076,1909f56bfc062723c751e8b465ee728b)  -> (artifact id: '15c0bb6f0ffdd24ca551cfd21c60c988') in 0.077594 seconds 
========================================================================
Received Import Request.
  Time since last request: 0.000048 seconds.
  path: Assets/Assets/Skybox/Customizable Skybox/Materials/Material.003.mat
  artifactKey: Guid(a4b1c9205184ab7479ebcb6d01e9bdaa) Importer(815301076,1909f56bfc062723c751e8b465ee728b)
Start importing Assets/Assets/Skybox/Customizable Skybox/Materials/Material.003.mat using Guid(a4b1c9205184ab7479ebcb6d01e9bdaa) Importer(815301076,1909f56bfc062723c751e8b465ee728b)  -> (artifact id: '9ce61d27b82bcc8fed37ffc45a699f5d') in 0.022053 seconds 
========================================================================
Received Import Request.
  Time since last request: 0.000096 seconds.
  path: Assets/Assets/Skybox/Customizable Skybox/Model/Materials/Material.003.mat
  artifactKey: Guid(0b82edc333f454f4fab3b93e8ececd1a) Importer(815301076,1909f56bfc062723c751e8b465ee728b)
Start importing Assets/Assets/Skybox/Customizable Skybox/Model/Materials/Material.003.mat using Guid(0b82edc333f454f4fab3b93e8ececd1a) Importer(815301076,1909f56bfc062723c751e8b465ee728b)  -> (artifact id: '0b962ca2582782c9a1aa4674cbc01212') in 0.022654 seconds 
========================================================================
Received Import Request.
  Time since last request: 0.000044 seconds.
  path: Assets/Assets/中式家具/Chinese Room/Models/Materials/metal gold 1.mat
  artifactKey: Guid(dc57239b8c55bd74180b8f6282c9cc37) Importer(815301076,1909f56bfc062723c751e8b465ee728b)
Start importing Assets/Assets/中式家具/Chinese Room/Models/Materials/metal gold 1.mat using Guid(dc57239b8c55bd74180b8f6282c9cc37) Importer(815301076,1909f56bfc062723c751e8b465ee728b)  -> (artifact id: '2fafe9d9beedd603b4b10f243e05a773') in 0.064974 seconds 
========================================================================
Received Import Request.
  Time since last request: 0.000048 seconds.
  path: Assets/Oculus/SampleFramework/Usage/SharedAssets/Materials/MAT_room_atlas_01.mat
  artifactKey: Guid(c06f24316d5a9416686642a56431ea32) Importer(815301076,1909f56bfc062723c751e8b465ee728b)
Start importing Assets/Oculus/SampleFramework/Usage/SharedAssets/Materials/MAT_room_atlas_01.mat using Guid(c06f24316d5a9416686642a56431ea32) Importer(815301076,1909f56bfc062723c751e8b465ee728b)  -> (artifact id: '58221ad47359fd95a81a0aeb4a5f7b7f') in 0.100276 seconds 
========================================================================
Received Import Request.
  Time since last request: 0.000075 seconds.
  path: Assets/Oculus/SampleFramework/Usage/Locomotion/Materials/MAT_floor_wood_02.mat
  artifactKey: Guid(c5de2de29649946caa67f57a9825cfd6) Importer(815301076,1909f56bfc062723c751e8b465ee728b)
Start importing Assets/Oculus/SampleFramework/Usage/Locomotion/Materials/MAT_floor_wood_02.mat using Guid(c5de2de29649946caa67f57a9825cfd6) Importer(815301076,1909f56bfc062723c751e8b465ee728b)  -> (artifact id: '12e122b2f108f26ca5d1d708263e04db') in 0.174039 seconds 
========================================================================
Received Import Request.
  Time since last request: 0.000048 seconds.
  path: Assets/Oculus/VR/Meshes/HandTracking/OculusHand_R.fbx
  artifactKey: Guid(88e2e1bfe11ec6c438b0ade27eaeded1) Importer(815301076,1909f56bfc062723c751e8b465ee728b)
Start importing Assets/Oculus/VR/Meshes/HandTracking/OculusHand_R.fbx using Guid(88e2e1bfe11ec6c438b0ade27eaeded1) Importer(815301076,1909f56bfc062723c751e8b465ee728b)  -> (artifact id: 'eec5e0fc581ea03d157ff95a52dd2583') in 0.070552 seconds 
========================================================================
Received Import Request.
  Time since last request: 0.000077 seconds.
  path: Assets/Oculus/Interaction/Runtime/Materials/GrabDebugSphere.mat
  artifactKey: Guid(f4b49debff9d269449879fc6f5991a83) Importer(815301076,1909f56bfc062723c751e8b465ee728b)
Start importing Assets/Oculus/Interaction/Runtime/Materials/GrabDebugSphere.mat using Guid(f4b49debff9d269449879fc6f5991a83) Importer(815301076,1909f56bfc062723c751e8b465ee728b)  -> (artifact id: '7614642ae281cf37ff72e8cfad48ca5c') in 0.020310 seconds 
========================================================================
Received Import Request.
  Time since last request: 0.000036 seconds.
  path: Assets/Fonts/RubikGlitch-Regular SDF.asset
  artifactKey: Guid(7b5a8e059e981464996b07116adb0beb) Importer(815301076,1909f56bfc062723c751e8b465ee728b)
Start importing Assets/Fonts/RubikGlitch-Regular SDF.asset using Guid(7b5a8e059e981464996b07116adb0beb) Importer(815301076,1909f56bfc062723c751e8b465ee728b)  -> (artifact id: '210b5a7c1d092c1f5a3b09e64b87f3c5') in 0.070517 seconds 
========================================================================
Received Import Request.
  Time since last request: 0.000041 seconds.
  path: Assets/Oculus/SampleFramework/Usage/Passthrough/Prefabs/OculusLogo.fbx
  artifactKey: Guid(b2ff3fe2d8faa954bb86008c932356d5) Importer(815301076,1909f56bfc062723c751e8b465ee728b)
Start importing Assets/Oculus/SampleFramework/Usage/Passthrough/Prefabs/OculusLogo.fbx using Guid(b2ff3fe2d8faa954bb86008c932356d5) Importer(815301076,1909f56bfc062723c751e8b465ee728b)  -> (artifact id: 'b68b5c9ed1b1a7e7f4ce779f43ae98c9') in 0.055190 seconds 
========================================================================
Received Import Request.
  Time since last request: 0.000068 seconds.
  path: Assets/Oculus/Interaction/Samples/Objects/Props/Torch/Particles/Materials/FlamePool.mat
  artifactKey: Guid(b16763e78b97b3846b0b387008718b25) Importer(815301076,1909f56bfc062723c751e8b465ee728b)
Start importing Assets/Oculus/Interaction/Samples/Objects/Props/Torch/Particles/Materials/FlamePool.mat using Guid(b16763e78b97b3846b0b387008718b25) Importer(815301076,1909f56bfc062723c751e8b465ee728b)  -> (artifact id: '5ce54a1e7b03ca334a82d01e6ffaff1a') in 0.021661 seconds 
========================================================================
Received Import Request.
  Time since last request: 0.000048 seconds.
  path: Assets/Oculus/SampleFramework/Usage/Passthrough/Materials/Graffiti.mat
  artifactKey: Guid(dd331cc38e3258643bf0d3d221718362) Importer(815301076,1909f56bfc062723c751e8b465ee728b)
Start importing Assets/Oculus/SampleFramework/Usage/Passthrough/Materials/Graffiti.mat using Guid(dd331cc38e3258643bf0d3d221718362) Importer(815301076,1909f56bfc062723c751e8b465ee728b)  -> (artifact id: '765bfe1227ae2c32b1c253214113201f') in 0.026533 seconds 
Editor requested this worker to shutdown with reason: Scaling down because of idle timeout
AssetImportWorker is now disconnected from the server
Process exiting
Exiting without the bug reporter. Application will terminate with return code 0