Unity Editor version:    2021.2.10f1 (ee872746220e)
Branch:                  2021.2/staging
Build type:              Release
Batch mode:              YES
macOS version:           Version 10.15.7 (Build 19H1323)
Darwin version:          19.6.0
Architecture:            x86_64
Running under Rosetta:   NO
Available memory:        16384 MB
Using pre-set license
Pro License: NO

COMMAND LINE ARGUMENTS:
/Applications/Unity/Hub/Editor/2021.2.10f1/Unity.app/Contents/MacOS/Unity
-adb2
-batchMode
-noUpm
-name
AssetImportWorker6
-projectPath
/Users/angelinahsu/Unity-VR-final-project/Unity VR Final Group
-logFile
Logs/AssetImportWorker6.log
-srvPort
53565
Successfully changed project path to: /Users/angelinahsu/Unity-VR-final-project/Unity VR Final Group
/Users/angelinahsu/Unity-VR-final-project/Unity VR Final Group
[UnityMemory] Configuration Parameters - Can be set up in boot.config
    "memorysetup-bucket-allocator-granularity=16"
    "memorysetup-bucket-allocator-bucket-count=8"
    "memorysetup-bucket-allocator-block-size=33554432"
    "memorysetup-bucket-allocator-block-count=8"
    "memorysetup-main-allocator-block-size=16777216"
    "memorysetup-thread-allocator-block-size=16777216"
    "memorysetup-gfx-main-allocator-block-size=16777216"
    "memorysetup-gfx-thread-allocator-block-size=16777216"
    "memorysetup-cache-allocator-block-size=4194304"
    "memorysetup-typetree-allocator-block-size=2097152"
    "memorysetup-profiler-bucket-allocator-granularity=16"
    "memorysetup-profiler-bucket-allocator-bucket-count=8"
    "memorysetup-profiler-bucket-allocator-block-size=33554432"
    "memorysetup-profiler-bucket-allocator-block-count=8"
    "memorysetup-profiler-allocator-block-size=16777216"
    "memorysetup-profiler-editor-allocator-block-size=1048576"
    "memorysetup-temp-allocator-size-main=16777216"
    "memorysetup-job-temp-allocator-block-size=2097152"
    "memorysetup-job-temp-allocator-block-size-background=1048576"
    "memorysetup-job-temp-allocator-reduction-small-platforms=262144"
    "memorysetup-temp-allocator-size-background-worker=32768"
    "memorysetup-temp-allocator-size-job-worker=262144"
    "memorysetup-temp-allocator-size-preload-manager=33554432"
    "memorysetup-temp-allocator-size-nav-mesh-worker=65536"
    "memorysetup-temp-allocator-size-audio-worker=65536"
    "memorysetup-temp-allocator-size-cloud-worker=32768"
    "memorysetup-temp-allocator-size-gi-baking-worker=262144"
    "memorysetup-temp-allocator-size-gfx=262144"
Refreshing native plugins compatible for Editor in 171.07 ms, found 3 plugins.
Preloading 1 native plugins for Editor in 5.78 ms.
Initialize engine version: 2021.2.10f1 (ee872746220e)
[Subsystems] Discovering subsystems at path /Applications/Unity/Hub/Editor/2021.2.10f1/Unity.app/Contents/Resources/UnitySubsystems
[Subsystems] Discovering subsystems at path /Users/angelinahsu/Unity-VR-final-project/Unity VR Final Group/Assets
GfxDevice: creating device client; threaded=0; jobified=0
iMac preferred device: AMD Radeon Pro 5700 (high power)
Metal devices available: 1
0: AMD Radeon Pro 5700 (high power)
Using device AMD Radeon Pro 5700 (high power)
Initializing Metal device caps: AMD Radeon Pro 5700
Initialize mono
Mono path[0] = '/Applications/Unity/Hub/Editor/2021.2.10f1/Unity.app/Contents/Managed'
Mono path[1] = '/Applications/Unity/Hub/Editor/2021.2.10f1/Unity.app/Contents/MonoBleedingEdge/lib/mono/unityjit-macos'
Mono config path = '/Applications/Unity/Hub/Editor/2021.2.10f1/Unity.app/Contents/MonoBleedingEdge/etc'
Using monoOptions --debugger-agent=transport=dt_socket,embedding=1,server=y,suspend=n,address=127.0.0.1:56088
Begin MonoManager ReloadAssembly
Registering precompiled unity dll's ...
Register platform support module: /Applications/Unity/Hub/Editor/2021.2.10f1/PlaybackEngines/WebGLSupport/UnityEditor.WebGL.Extensions.dll
Register platform support module: /Applications/Unity/Hub/Editor/2021.2.10f1/Unity.app/Contents/PlaybackEngines/MacStandaloneSupport/UnityEditor.OSXStandalone.Extensions.dll
Registered in 0.004239 seconds.
Native extension for OSXStandalone target not found
Native extension for WebGL target not found
Refreshing native plugins compatible for Editor in 166.04 ms, found 3 plugins.
Preloading 1 native plugins for Editor in 0.39 ms.
Mono: successfully reloaded assembly
- Completed reload, in  1.053 seconds
Domain Reload Profiling:
	ReloadAssembly (1053ms)
		BeginReloadAssembly (162ms)
			ExecutionOrderSort (0ms)
			DisableScriptedObjects (0ms)
			BackupInstance (0ms)
			ReleaseScriptingObjects (0ms)
			CreateAndSetChildDomain (1ms)
		EndReloadAssembly (749ms)
			LoadAssemblies (165ms)
			RebuildTransferFunctionScriptingTraits (0ms)
			SetupTypeCache (195ms)
			ReleaseScriptCaches (0ms)
			RebuildScriptCaches (54ms)
			SetupLoadedEditorAssemblies (419ms)
				LogAssemblyErrors (0ms)
				InitializePlatformSupportModulesInManaged (17ms)
				SetLoadedEditorAssemblies (0ms)
				RefreshPlugins (166ms)
				BeforeProcessingInitializeOnLoad (1ms)
				ProcessInitializeOnLoadAttributes (186ms)
				ProcessInitializeOnLoadMethodAttributes (48ms)
				AfterProcessingInitializeOnLoad (0ms)
				EditorAssembliesLoaded (0ms)
			ExecutionOrderSort2 (0ms)
			AwakeInstancesAfterBackupRestoration (0ms)
Platform modules already initialized, skipping
Registering precompiled user dll's ...
Registered in 0.013485 seconds.
Begin MonoManager ReloadAssembly
Symbol file LoadedFromMemory doesn't match image /Users/angelinahsu/Unity-VR-final-project/Unity VR Final Group/Library/PackageCache/com.unity.visualscripting@1.7.6/Editor/VisualScripting.Core/Dependencies/DotNetZip/Unity.VisualScripting.IonicZip.dll
Symbol file LoadedFromMemory doesn't match image /Users/angelinahsu/Unity-VR-final-project/Unity VR Final Group/Library/PackageCache/com.unity.visualscripting@1.7.6/Editor/VisualScripting.Core/Dependencies/YamlDotNet/Unity.VisualScripting.YamlDotNet.dll
Native extension for OSXStandalone target not found
Native extension for WebGL target not found
Refreshing native plugins compatible for Editor in 113.82 ms, found 3 plugins.
Preloading 1 native plugins for Editor in 0.36 ms.
Package Manager log level set to [2]
Mono: successfully reloaded assembly
- Completed reload, in  5.281 seconds
Domain Reload Profiling:
	ReloadAssembly (5282ms)
		BeginReloadAssembly (106ms)
			ExecutionOrderSort (0ms)
			DisableScriptedObjects (6ms)
			BackupInstance (0ms)
			ReleaseScriptingObjects (0ms)
			CreateAndSetChildDomain (29ms)
		EndReloadAssembly (5067ms)
			LoadAssemblies (132ms)
			RebuildTransferFunctionScriptingTraits (0ms)
			SetupTypeCache (395ms)
			ReleaseScriptCaches (1ms)
			RebuildScriptCaches (76ms)
			SetupLoadedEditorAssemblies (4401ms)
				LogAssemblyErrors (0ms)
				InitializePlatformSupportModulesInManaged (8ms)
				SetLoadedEditorAssemblies (0ms)
				RefreshPlugins (114ms)
				BeforeProcessingInitializeOnLoad (121ms)
				ProcessInitializeOnLoadAttributes (4073ms)
				ProcessInitializeOnLoadMethodAttributes (83ms)
				AfterProcessingInitializeOnLoad (2ms)
				EditorAssembliesLoaded (0ms)
			ExecutionOrderSort2 (0ms)
			AwakeInstancesAfterBackupRestoration (4ms)
Platform modules already initialized, skipping
========================================================================
Worker process is ready to serve import requests
Launching external process: /Applications/Unity/Hub/Editor/2021.2.10f1/Unity.app/Contents/Tools/UnityShaderCompiler
Launched and connected shader compiler UnityShaderCompiler after 0.02 seconds
Refreshing native plugins compatible for Editor in 1.10 ms, found 3 plugins.
Preloading 1 native plugins for Editor in 0.39 ms.
Unloading 5665 Unused Serialized files (Serialized files now loaded: 0)
Unloading 64 unused Assets / (0.8 MB). Loaded Objects now: 6089.
Memory consumption went from 364.7 MB to 363.9 MB.
Total: 6.099404 ms (FindLiveObjects: 0.507441 ms CreateObjectMapping: 0.545935 ms MarkObjects: 4.482703 ms  DeleteObjects: 0.562314 ms)

AssetImportParameters requested are different than current active one (requested -> active):
  custom:video-decoder-ogg-theora: a1e56fd34408186e4bbccfd4996cb3dc -> 
  custom:container-muxer-webm: aa71ff27fc2769a1b78a27578f13a17b -> 
  custom:container-demuxer-webm: 4f35f7cbe854078d1ac9338744f61a02 -> 
  custom:video-encoder-webm-vp8: eb34c28f22e8b96e1ab97ce403110664 -> 
  custom:framework-osx-AVFoundation: b23960f63f64bdc6ff669e2cdcee2391 -> 
  custom:audio-encoder-webm-vorbis: bf7c407c2cedff20999df2af8eb42d56 -> 
  custom:container-demuxer-ogg: 62fdf1f143b41e24485cea50d1cbac27 -> 
  custom:video-decoder-webm-vp8: 9c59270c3fd7afecdb556c50c9e8de78 -> 
  custom:audio-decoder-ogg-vorbis: bf7c407c2cedff20999df2af8eb42d56 -> 
========================================================================
Received Import Request.
  Time since last request: 751242.871089 seconds.
  path: Assets/Assets/中式家具/Chinese Room/Models/Books 1.FBX
  artifactKey: Guid(8c8f22ce1a0386f459c3f6fdddb4cc4d) Importer(815301076,1909f56bfc062723c751e8b465ee728b)
Start importing Assets/Assets/中式家具/Chinese Room/Models/Books 1.FBX using Guid(8c8f22ce1a0386f459c3f6fdddb4cc4d) Importer(815301076,1909f56bfc062723c751e8b465ee728b) WARNING: RGBA Compressed ASTC6X6 sRGB format is not supported, decompressing texture
 -> (artifact id: 'a04cb2e424470cb5b4d9091d635cd25f') in 0.991492 seconds 
========================================================================
Received Import Request.
  Time since last request: 0.000073 seconds.
  path: Assets/Assets/中式家具/Chinese Room/Models/Folding screen.FBX
  artifactKey: Guid(6cdae888ca1fcc44e95683f26384f938) Importer(815301076,1909f56bfc062723c751e8b465ee728b)
Start importing Assets/Assets/中式家具/Chinese Room/Models/Folding screen.FBX using Guid(6cdae888ca1fcc44e95683f26384f938) Importer(815301076,1909f56bfc062723c751e8b465ee728b) WARNING: RGBA Compressed ASTC6X6 sRGB format is not supported, decompressing texture
WARNING: RGBA Compressed ASTC6X6 sRGB format is not supported, decompressing texture
WARNING: RGBA Compressed ASTC6X6 UNorm format is not supported, decompressing texture
 -> (artifact id: '9b8830e969a5ca048adebbbce1b3ae88') in 0.102009 seconds 
========================================================================
Received Import Request.
  Time since last request: 0.000078 seconds.
  path: Assets/Assets/中式家具/Chinese Room/Models/Wall 4.FBX
  artifactKey: Guid(f01fb08b40f35eb479f4d886b369f0e1) Importer(815301076,1909f56bfc062723c751e8b465ee728b)
Start importing Assets/Assets/中式家具/Chinese Room/Models/Wall 4.FBX using Guid(f01fb08b40f35eb479f4d886b369f0e1) Importer(815301076,1909f56bfc062723c751e8b465ee728b) WARNING: RGBA Compressed ASTC6X6 sRGB format is not supported, decompressing texture
 -> (artifact id: '2a7483c847282ea2b315231a3642ed31') in 0.101933 seconds 
========================================================================
Received Import Request.
  Time since last request: 0.000068 seconds.
  path: Assets/Assets/中式家具/Chinese Room/Models/Figure 2.FBX
  artifactKey: Guid(209566e0a9b4d994da7d5b61eb7b5ed8) Importer(815301076,1909f56bfc062723c751e8b465ee728b)
Start importing Assets/Assets/中式家具/Chinese Room/Models/Figure 2.FBX using Guid(209566e0a9b4d994da7d5b61eb7b5ed8) Importer(815301076,1909f56bfc062723c751e8b465ee728b) WARNING: RGBA Compressed ASTC6X6 sRGB format is not supported, decompressing texture
 -> (artifact id: 'af44419bd87c2f561b16b9e0f9a7b490') in 0.057334 seconds 
========================================================================
Received Import Request.
  Time since last request: 0.000073 seconds.
  path: Assets/Assets/中式家具/Chinese Room/Models/Carpet.FBX
  artifactKey: Guid(c716a2aa6c3a3f2429bced732390904f) Importer(815301076,1909f56bfc062723c751e8b465ee728b)
Start importing Assets/Assets/中式家具/Chinese Room/Models/Carpet.FBX using Guid(c716a2aa6c3a3f2429bced732390904f) Importer(815301076,1909f56bfc062723c751e8b465ee728b) WARNING: RGBA Compressed ASTC6X6 sRGB format is not supported, decompressing texture
WARNING: RGBA Compressed ASTC6X6 UNorm format is not supported, decompressing texture
 -> (artifact id: '2348e4423678a6a14e0374daf1cd833e') in 0.063762 seconds 
========================================================================
Received Import Request.
  Time since last request: 0.000069 seconds.
  path: Assets/Assets/中式家具/Chinese Room/Models/Decorative circle.FBX
  artifactKey: Guid(dfd5853e084bb7d43ad82a27f790d769) Importer(815301076,1909f56bfc062723c751e8b465ee728b)
Start importing Assets/Assets/中式家具/Chinese Room/Models/Decorative circle.FBX using Guid(dfd5853e084bb7d43ad82a27f790d769) Importer(815301076,1909f56bfc062723c751e8b465ee728b) WARNING: RGBA Compressed ASTC6X6 sRGB format is not supported, decompressing texture
WARNING: RGBA Compressed ASTC6X6 UNorm format is not supported, decompressing texture
 -> (artifact id: '019e2eff98ae4054fe744b1624b49e35') in 0.061943 seconds 
========================================================================
Received Import Request.
  Time since last request: 0.000072 seconds.
  path: Assets/Assets/中式家具/Chinese Room/Models/Tablecloth.FBX
  artifactKey: Guid(7a4fb9239d93dbf4c9f494217a204d7e) Importer(815301076,1909f56bfc062723c751e8b465ee728b)
Start importing Assets/Assets/中式家具/Chinese Room/Models/Tablecloth.FBX using Guid(7a4fb9239d93dbf4c9f494217a204d7e) Importer(815301076,1909f56bfc062723c751e8b465ee728b) WARNING: RGBA Compressed ASTC6X6 sRGB format is not supported, decompressing texture
WARNING: RGBA Compressed ASTC6X6 UNorm format is not supported, decompressing texture
 -> (artifact id: '6d1d3a4c1f35b9f23c58c2a19c30759a') in 0.063574 seconds 
========================================================================
Received Import Request.
  Time since last request: 0.000069 seconds.
  path: Assets/Assets/中式家具/Chinese Room/Models/Sofa seating.FBX
  artifactKey: Guid(900376d0ea6f9ae4088838183725ce4f) Importer(815301076,1909f56bfc062723c751e8b465ee728b)
Start importing Assets/Assets/中式家具/Chinese Room/Models/Sofa seating.FBX using Guid(900376d0ea6f9ae4088838183725ce4f) Importer(815301076,1909f56bfc062723c751e8b465ee728b) WARNING: RGBA Compressed ASTC6X6 sRGB format is not supported, decompressing texture
WARNING: RGBA Compressed ASTC6X6 UNorm format is not supported, decompressing texture
 -> (artifact id: '42adf1872d35f28c61cfbbf890d301ef') in 0.070275 seconds 
========================================================================
Received Import Request.
  Time since last request: 0.000067 seconds.
  path: Assets/Assets/中式家具/Chinese Room/Models/Ceiling lamp.FBX
  artifactKey: Guid(198005c0ba4500441bf334c6bff31a04) Importer(815301076,1909f56bfc062723c751e8b465ee728b)
Start importing Assets/Assets/中式家具/Chinese Room/Models/Ceiling lamp.FBX using Guid(198005c0ba4500441bf334c6bff31a04) Importer(815301076,1909f56bfc062723c751e8b465ee728b) WARNING: RGBA Compressed ASTC6X6 sRGB format is not supported, decompressing texture
WARNING: RGBA Compressed ASTC6X6 sRGB format is not supported, decompressing texture
 -> (artifact id: '54090d5080adf8eb8fe687f2aba24f07') in 0.050742 seconds 
========================================================================
Received Import Request.
  Time since last request: 205.836165 seconds.
  path: Assets/Assets/中式家具/Chinese Room/Models/Chair 1.FBX
  artifactKey: Guid(0c3c2cc919c09f54783f15855326935c) Importer(815301076,1909f56bfc062723c751e8b465ee728b)
Start importing Assets/Assets/中式家具/Chinese Room/Models/Chair 1.FBX using Guid(0c3c2cc919c09f54783f15855326935c) Importer(815301076,1909f56bfc062723c751e8b465ee728b) WARNING: RGBA Compressed ASTC6X6 sRGB format is not supported, decompressing texture
WARNING: RGBA Compressed ASTC6X6 UNorm format is not supported, decompressing texture
 -> (artifact id: '4e15c213a697d828afd6a286be004327') in 0.521201 seconds 
========================================================================
Received Import Request.
  Time since last request: 0.000066 seconds.
  path: Assets/Assets/中式家具/Chinese Room/Models/Table 1.FBX
  artifactKey: Guid(6bd05394694b6524ba024fbdfb2ba21c) Importer(815301076,1909f56bfc062723c751e8b465ee728b)
Start importing Assets/Assets/中式家具/Chinese Room/Models/Table 1.FBX using Guid(6bd05394694b6524ba024fbdfb2ba21c) Importer(815301076,1909f56bfc062723c751e8b465ee728b) WARNING: RGBA Compressed ASTC6X6 sRGB format is not supported, decompressing texture
WARNING: RGBA Compressed ASTC6X6 UNorm format is not supported, decompressing texture
 -> (artifact id: 'd6b134cee18c7defdb3ab9a8b2bc5aec') in 0.035741 seconds 
========================================================================
Received Import Request.
  Time since last request: 0.000061 seconds.
  path: Assets/Assets/中式家具/Chinese Room/Models/Tea table.FBX
  artifactKey: Guid(a507c0c7b19f48f45a8efa772a20e800) Importer(815301076,1909f56bfc062723c751e8b465ee728b)
Start importing Assets/Assets/中式家具/Chinese Room/Models/Tea table.FBX using Guid(a507c0c7b19f48f45a8efa772a20e800) Importer(815301076,1909f56bfc062723c751e8b465ee728b) WARNING: RGBA Compressed ASTC6X6 sRGB format is not supported, decompressing texture
WARNING: RGBA Compressed ASTC6X6 UNorm format is not supported, decompressing texture
 -> (artifact id: '1ebd66cc937e283bb087fa1559205174') in 0.044300 seconds 
========================================================================
Received Import Request.
  Time since last request: 0.000063 seconds.
  path: Assets/Assets/中式家具/Chinese Room/Models/Partition wall.FBX
  artifactKey: Guid(c6e933ec0c15a094aad5392017211779) Importer(815301076,1909f56bfc062723c751e8b465ee728b)
Start importing Assets/Assets/中式家具/Chinese Room/Models/Partition wall.FBX using Guid(c6e933ec0c15a094aad5392017211779) Importer(815301076,1909f56bfc062723c751e8b465ee728b) WARNING: RGBA Compressed ASTC6X6 sRGB format is not supported, decompressing texture
WARNING: RGBA Compressed ASTC6X6 UNorm format is not supported, decompressing texture
WARNING: RGBA Compressed ASTC6X6 sRGB format is not supported, decompressing texture
WARNING: RGBA Compressed ASTC6X6 UNorm format is not supported, decompressing texture
 -> (artifact id: 'a863f2a13bab549fb4ba3b8b0af83c36') in 0.077188 seconds 
========================================================================
Received Import Request.
  Time since last request: 16.223951 seconds.
  path: Assets/Assets/中式家具/Chinese Room/Prefabs/Decorative circle.prefab
  artifactKey: Guid(10c48e38305367f48ae3f8e4f3d7b51b) Importer(815301076,1909f56bfc062723c751e8b465ee728b)
Start importing Assets/Assets/中式家具/Chinese Room/Prefabs/Decorative circle.prefab using Guid(10c48e38305367f48ae3f8e4f3d7b51b) Importer(815301076,1909f56bfc062723c751e8b465ee728b) WARNING: RGBA Compressed ASTC6X6 sRGB format is not supported, decompressing texture
WARNING: RGBA Compressed ASTC6X6 UNorm format is not supported, decompressing texture
 -> (artifact id: 'd88464b05fe3977a41ec092c79beb4df') in 0.319874 seconds 
========================================================================
Received Import Request.
  Time since last request: 0.000059 seconds.
  path: Assets/Assets/中式家具/Chinese Room/Prefabs/Stool.prefab
  artifactKey: Guid(5ceddc36b975a7e4d8878125146c12bb) Importer(815301076,1909f56bfc062723c751e8b465ee728b)
Start importing Assets/Assets/中式家具/Chinese Room/Prefabs/Stool.prefab using Guid(5ceddc36b975a7e4d8878125146c12bb) Importer(815301076,1909f56bfc062723c751e8b465ee728b) WARNING: RGBA Compressed ASTC6X6 sRGB format is not supported, decompressing texture
WARNING: RGBA Compressed ASTC6X6 UNorm format is not supported, decompressing texture
 -> (artifact id: '108c6d5132467e93381d7ba6338798f0') in 0.041246 seconds 
========================================================================
Received Import Request.
  Time since last request: 0.000051 seconds.
  path: Assets/Assets/中式家具/Chinese Room/Prefabs/Table 2.prefab
  artifactKey: Guid(26abb0a59ea16fa46a3c22b5b32eb918) Importer(815301076,1909f56bfc062723c751e8b465ee728b)
Start importing Assets/Assets/中式家具/Chinese Room/Prefabs/Table 2.prefab using Guid(26abb0a59ea16fa46a3c22b5b32eb918) Importer(815301076,1909f56bfc062723c751e8b465ee728b) WARNING: RGBA Compressed ASTC6X6 sRGB format is not supported, decompressing texture
WARNING: RGBA Compressed ASTC6X6 UNorm format is not supported, decompressing texture
 -> (artifact id: '4547ddf95e3c40f32ad5988034099084') in 0.044927 seconds 
Editor requested this worker to shutdown with reason: Scaling down because of idle timeout
AssetImportWorker is now disconnected from the server
Process exiting
