Unity Editor version:    2021.2.19f1 (602ecdbb2fb0)
Branch:                  2021.2/staging
Build type:              Release
Batch mode:              YES
macOS version:           Version 10.15.7 (Build 19H1323)
Darwin version:          19.6.0
Architecture:            x86_64
Running under Rosetta:   NO
Available memory:        16384 MB
Using pre-set license
Pro License: YES

COMMAND LINE ARGUMENTS:
/Applications/Unity/Hub/Editor/2021.2.19f1/Unity.app/Contents/MacOS/Unity
-adb2
-batchMode
-noUpm
-name
AssetImportWorker0
-projectPath
/Users/angelinahsu/Unity-VR-final-project/Unity VR Final Group
-logFile
Logs/AssetImportWorker0.log
-srvPort
63806
Successfully changed project path to: /Users/angelinahsu/Unity-VR-final-project/Unity VR Final Group
/Users/angelinahsu/Unity-VR-final-project/Unity VR Final Group
[UnityMemory] Configuration Parameters - Can be set up in boot.config
    "memorysetup-bucket-allocator-granularity=16"
    "memorysetup-bucket-allocator-bucket-count=8"
    "memorysetup-bucket-allocator-block-size=33554432"
    "memorysetup-bucket-allocator-block-count=8"
    "memorysetup-main-allocator-block-size=16777216"
    "memorysetup-thread-allocator-block-size=16777216"
    "memorysetup-gfx-main-allocator-block-size=16777216"
    "memorysetup-gfx-thread-allocator-block-size=16777216"
    "memorysetup-cache-allocator-block-size=4194304"
    "memorysetup-typetree-allocator-block-size=2097152"
    "memorysetup-profiler-bucket-allocator-granularity=16"
    "memorysetup-profiler-bucket-allocator-bucket-count=8"
    "memorysetup-profiler-bucket-allocator-block-size=33554432"
    "memorysetup-profiler-bucket-allocator-block-count=8"
    "memorysetup-profiler-allocator-block-size=16777216"
    "memorysetup-profiler-editor-allocator-block-size=1048576"
    "memorysetup-temp-allocator-size-main=16777216"
    "memorysetup-job-temp-allocator-block-size=2097152"
    "memorysetup-job-temp-allocator-block-size-background=1048576"
    "memorysetup-job-temp-allocator-reduction-small-platforms=262144"
    "memorysetup-temp-allocator-size-background-worker=32768"
    "memorysetup-temp-allocator-size-job-worker=262144"
    "memorysetup-temp-allocator-size-preload-manager=33554432"
    "memorysetup-temp-allocator-size-nav-mesh-worker=65536"
    "memorysetup-temp-allocator-size-audio-worker=65536"
    "memorysetup-temp-allocator-size-cloud-worker=32768"
    "memorysetup-temp-allocator-size-gi-baking-worker=262144"
    "memorysetup-temp-allocator-size-gfx=262144"
Refreshing native plugins compatible for Editor in 108.65 ms, found 3 plugins.
Preloading 1 native plugins for Editor in 5.90 ms.
Initialize engine version: 2021.2.19f1 (602ecdbb2fb0)
[Subsystems] Discovering subsystems at path /Applications/Unity/Hub/Editor/2021.2.19f1/Unity.app/Contents/Resources/UnitySubsystems
[Subsystems] Discovering subsystems at path /Users/angelinahsu/Unity-VR-final-project/Unity VR Final Group/Assets
GfxDevice: creating device client; threaded=0; jobified=0
iMac preferred device: AMD Radeon Pro 5700 (high power)
Metal devices available: 1
0: AMD Radeon Pro 5700 (high power)
Using device AMD Radeon Pro 5700 (high power)
Initializing Metal device caps: AMD Radeon Pro 5700
Initialize mono
Mono path[0] = '/Applications/Unity/Hub/Editor/2021.2.19f1/Unity.app/Contents/Managed'
Mono path[1] = '/Applications/Unity/Hub/Editor/2021.2.19f1/Unity.app/Contents/MonoBleedingEdge/lib/mono/unityjit-macos'
Mono config path = '/Applications/Unity/Hub/Editor/2021.2.19f1/Unity.app/Contents/MonoBleedingEdge/etc'
Using monoOptions --debugger-agent=transport=dt_socket,embedding=1,server=y,suspend=n,address=127.0.0.1:56699
Begin MonoManager ReloadAssembly
Registering precompiled unity dll's ...
Register platform support module: /Applications/Unity/Hub/Editor/2021.2.19f1/Unity.app/Contents/PlaybackEngines/MacStandaloneSupport/UnityEditor.OSXStandalone.Extensions.dll
Register platform support module: /Applications/Unity/Hub/Editor/2021.2.19f1/PlaybackEngines/AndroidPlayer/UnityEditor.Android.Extensions.dll
Registered in 0.002547 seconds.
Native extension for Android target not found
Native extension for OSXStandalone target not found
Refreshing native plugins compatible for Editor in 95.96 ms, found 3 plugins.
Preloading 1 native plugins for Editor in 0.36 ms.
Mono: successfully reloaded assembly
- Completed reload, in  0.696 seconds
Domain Reload Profiling:
	ReloadAssembly (696ms)
		BeginReloadAssembly (98ms)
			ExecutionOrderSort (0ms)
			DisableScriptedObjects (0ms)
			BackupInstance (0ms)
			ReleaseScriptingObjects (0ms)
			CreateAndSetChildDomain (1ms)
		EndReloadAssembly (483ms)
			LoadAssemblies (100ms)
			RebuildTransferFunctionScriptingTraits (0ms)
			SetupTypeCache (124ms)
			ReleaseScriptCaches (0ms)
			RebuildScriptCaches (28ms)
			SetupLoadedEditorAssemblies (281ms)
				LogAssemblyErrors (0ms)
				InitializePlatformSupportModulesInManaged (48ms)
				SetLoadedEditorAssemblies (1ms)
				RefreshPlugins (96ms)
				BeforeProcessingInitializeOnLoad (1ms)
				ProcessInitializeOnLoadAttributes (92ms)
				ProcessInitializeOnLoadMethodAttributes (43ms)
				AfterProcessingInitializeOnLoad (0ms)
				EditorAssembliesLoaded (0ms)
			ExecutionOrderSort2 (0ms)
			AwakeInstancesAfterBackupRestoration (0ms)
Platform modules already initialized, skipping
Registering precompiled user dll's ...
Registered in 0.005644 seconds.
Begin MonoManager ReloadAssembly
Symbol file LoadedFromMemory doesn't match image /Users/angelinahsu/Unity-VR-final-project/Unity VR Final Group/Library/PackageCache/com.unity.visualscripting@1.7.6/Editor/VisualScripting.Core/Dependencies/DotNetZip/Unity.VisualScripting.IonicZip.dll
Symbol file LoadedFromMemory doesn't match image /Users/angelinahsu/Unity-VR-final-project/Unity VR Final Group/Library/PackageCache/com.unity.visualscripting@1.7.6/Editor/VisualScripting.Core/Dependencies/YamlDotNet/Unity.VisualScripting.YamlDotNet.dll
Symbol file LoadedFromMemory is not a mono symbol file
Native extension for Android target not found
Native extension for OSXStandalone target not found
Refreshing native plugins compatible for Editor in 93.29 ms, found 3 plugins.
Preloading 1 native plugins for Editor in 0.44 ms.
Package Manager log level set to [2]
Mono: successfully reloaded assembly
- Completed reload, in  1.563 seconds
Domain Reload Profiling:
	ReloadAssembly (1564ms)
		BeginReloadAssembly (206ms)
			ExecutionOrderSort (0ms)
			DisableScriptedObjects (7ms)
			BackupInstance (0ms)
			ReleaseScriptingObjects (0ms)
			CreateAndSetChildDomain (131ms)
		EndReloadAssembly (1255ms)
			LoadAssemblies (139ms)
			RebuildTransferFunctionScriptingTraits (0ms)
			SetupTypeCache (343ms)
			ReleaseScriptCaches (4ms)
			RebuildScriptCaches (65ms)
			SetupLoadedEditorAssemblies (648ms)
				LogAssemblyErrors (0ms)
				InitializePlatformSupportModulesInManaged (14ms)
				SetLoadedEditorAssemblies (0ms)
				RefreshPlugins (94ms)
				BeforeProcessingInitializeOnLoad (96ms)
				ProcessInitializeOnLoadAttributes (358ms)
				ProcessInitializeOnLoadMethodAttributes (84ms)
				AfterProcessingInitializeOnLoad (2ms)
				EditorAssembliesLoaded (0ms)
			ExecutionOrderSort2 (0ms)
			AwakeInstancesAfterBackupRestoration (3ms)
Platform modules already initialized, skipping
========================================================================
Worker process is ready to serve import requests
Launching external process: /Applications/Unity/Hub/Editor/2021.2.19f1/Unity.app/Contents/Tools/UnityShaderCompiler
Launched and connected shader compiler UnityShaderCompiler after 0.02 seconds
Refreshing native plugins compatible for Editor in 0.91 ms, found 3 plugins.
Preloading 1 native plugins for Editor in 0.36 ms.
Unloading 5570 Unused Serialized files (Serialized files now loaded: 0)
Unloading 54 unused Assets / (467.8 KB). Loaded Objects now: 6009.
Memory consumption went from 353.2 MB to 352.8 MB.
Total: 3.988677 ms (FindLiveObjects: 0.373427 ms CreateObjectMapping: 0.348707 ms MarkObjects: 2.985541 ms  DeleteObjects: 0.280317 ms)

AssetImportParameters requested are different than current active one (requested -> active):
  custom:video-decoder-ogg-theora: a1e56fd34408186e4bbccfd4996cb3dc -> 
  custom:container-muxer-webm: aa71ff27fc2769a1b78a27578f13a17b -> 
  custom:container-demuxer-webm: 4f35f7cbe854078d1ac9338744f61a02 -> 
  custom:video-encoder-webm-vp8: eb34c28f22e8b96e1ab97ce403110664 -> 
  custom:framework-osx-AVFoundation: b23960f63f64bdc6ff669e2cdcee2391 -> 
  custom:audio-encoder-webm-vorbis: bf7c407c2cedff20999df2af8eb42d56 -> 
  custom:container-demuxer-ogg: 62fdf1f143b41e24485cea50d1cbac27 -> 
  custom:video-decoder-webm-vp8: 9c59270c3fd7afecdb556c50c9e8de78 -> 
  custom:audio-decoder-ogg-vorbis: bf7c407c2cedff20999df2af8eb42d56 -> 
========================================================================
Received Import Request.
  Time since last request: 61209.186245 seconds.
  path: Assets/Fonts
  artifactKey: Guid(dab083be1ad25455c8684a09097ecea9) Importer(815301076,1909f56bfc062723c751e8b465ee728b)
Start importing Assets/Fonts using Guid(dab083be1ad25455c8684a09097ecea9) Importer(815301076,1909f56bfc062723c751e8b465ee728b)  -> (artifact id: 'ae86ac8440d074b9a1062ebc1ecbabb4') in 0.010396 seconds 
========================================================================
Received Import Request.
  Time since last request: 30.586250 seconds.
  path: Assets/Fonts/LongCang-Regular.ttf
  artifactKey: Guid(686313ea08b4642a6b9b80e6c023d297) Importer(815301076,1909f56bfc062723c751e8b465ee728b)
Start importing Assets/Fonts/LongCang-Regular.ttf using Guid(686313ea08b4642a6b9b80e6c023d297) Importer(815301076,1909f56bfc062723c751e8b465ee728b)  -> (artifact id: '6de3da12a59fd3274777a57254015e66') in 0.600756 seconds 
========================================================================
Received Import Request.
  Time since last request: 13.501791 seconds.
  path: Assets/Fonts/RubikGlitch-Regular.ttf
  artifactKey: Guid(1b9b4d73f853a4fa782ecd6feeef2ec5) Importer(815301076,1909f56bfc062723c751e8b465ee728b)
Start importing Assets/Fonts/RubikGlitch-Regular.ttf using Guid(1b9b4d73f853a4fa782ecd6feeef2ec5) Importer(815301076,1909f56bfc062723c751e8b465ee728b)  -> (artifact id: '98b4e3bc0be4a5f34d8cc83187d1b9f3') in 0.014791 seconds 
========================================================================
Received Import Request.
  Time since last request: 24.855444 seconds.
  path: Assets/Fonts/LongCang-Regular SDF.asset
  artifactKey: Guid(80749ef87ef6c43d0b3892d4d6456500) Importer(815301076,1909f56bfc062723c751e8b465ee728b)
Start importing Assets/Fonts/LongCang-Regular SDF.asset using Guid(80749ef87ef6c43d0b3892d4d6456500) Importer(815301076,1909f56bfc062723c751e8b465ee728b)  -> (artifact id: '9f5c15abf7bd0d42ee4719c2a8118d32') in 0.371084 seconds 
========================================================================
Received Import Request.
  Time since last request: 57.567691 seconds.
  path: Assets/Fonts/RubikGlitch-Regular SDF.asset
  artifactKey: Guid(7b5a8e059e981464996b07116adb0beb) Importer(815301076,1909f56bfc062723c751e8b465ee728b)
Start importing Assets/Fonts/RubikGlitch-Regular SDF.asset using Guid(7b5a8e059e981464996b07116adb0beb) Importer(815301076,1909f56bfc062723c751e8b465ee728b)  -> (artifact id: 'ac98bb1fe8a0495c4a3615f06a84e3cc') in 0.028247 seconds 
========================================================================
Received Import Request.
  Time since last request: 9.175060 seconds.
  path: Assets/Fonts/ZhiMangXing-Regular SDF.asset
  artifactKey: Guid(856f5165fbbc8424cb80d562c174fc75) Importer(815301076,1909f56bfc062723c751e8b465ee728b)
Start importing Assets/Fonts/ZhiMangXing-Regular SDF.asset using Guid(856f5165fbbc8424cb80d562c174fc75) Importer(815301076,1909f56bfc062723c751e8b465ee728b)  -> (artifact id: '65dc8b822fa35a4b4708e3949a6d6009') in 0.029316 seconds 
========================================================================
Received Import Request.
  Time since last request: 1930.197702 seconds.
  path: Assets/Audio/fluttering papers.wav
  artifactKey: Guid(f523b50bbffd74d64867fa3403bd9550) Importer(815301076,1909f56bfc062723c751e8b465ee728b)
Start importing Assets/Audio/fluttering papers.wav using Guid(f523b50bbffd74d64867fa3403bd9550) Importer(815301076,1909f56bfc062723c751e8b465ee728b)  -> (artifact id: '2607f0adf6fa66485d5f960af9633811') in 0.309217 seconds 
========================================================================
Received Import Request.
  Time since last request: 3.294564 seconds.
  path: Assets/Audio/wind-thru-window.wav
  artifactKey: Guid(f4cb7cb69a771472a87586735db9efbb) Importer(815301076,1909f56bfc062723c751e8b465ee728b)
Start importing Assets/Audio/wind-thru-window.wav using Guid(f4cb7cb69a771472a87586735db9efbb) Importer(815301076,1909f56bfc062723c751e8b465ee728b)  -> (artifact id: '4e34278c3573439bee046c5bc6156311') in 0.006954 seconds 
========================================================================
Received Import Request.
  Time since last request: 1.670716 seconds.
  path: Assets/Audio/glass breaking.wav
  artifactKey: Guid(280f2aac4e1f64f1b859c10163708ef8) Importer(815301076,1909f56bfc062723c751e8b465ee728b)
Start importing Assets/Audio/glass breaking.wav using Guid(280f2aac4e1f64f1b859c10163708ef8) Importer(815301076,1909f56bfc062723c751e8b465ee728b)  -> (artifact id: 'ba38adf23606778e47965481b8f6e8aa') in 0.006959 seconds 
========================================================================
Received Import Request.
  Time since last request: 4.829274 seconds.
  path: Assets/Audio/mouseClick.wav
  artifactKey: Guid(328ef9afb5c1d4549894dc3fcb0be9f9) Importer(815301076,1909f56bfc062723c751e8b465ee728b)
Start importing Assets/Audio/mouseClick.wav using Guid(328ef9afb5c1d4549894dc3fcb0be9f9) Importer(815301076,1909f56bfc062723c751e8b465ee728b)  -> (artifact id: 'fd6a6af54b2a3e2edf5b39f6d6269637') in 0.006463 seconds 
========================================================================
Received Import Request.
  Time since last request: 16.038998 seconds.
  path: Assets/Audio/LockedDoor.wav
  artifactKey: Guid(d27d3d9277a7345998184ac6806e74b8) Importer(815301076,1909f56bfc062723c751e8b465ee728b)
Start importing Assets/Audio/LockedDoor.wav using Guid(d27d3d9277a7345998184ac6806e74b8) Importer(815301076,1909f56bfc062723c751e8b465ee728b)  -> (artifact id: 'fc2243b2363204c917a12809aee33115') in 0.007661 seconds 
========================================================================
Received Import Request.
  Time since last request: 9.750465 seconds.
  path: Assets/Audio/DropObject.wav
  artifactKey: Guid(16644ec53e0f94cdcae3ebef1c5618d1) Importer(815301076,1909f56bfc062723c751e8b465ee728b)
Start importing Assets/Audio/DropObject.wav using Guid(16644ec53e0f94cdcae3ebef1c5618d1) Importer(815301076,1909f56bfc062723c751e8b465ee728b)  -> (artifact id: '6a5b5f6693c21987b4c89d136a7758d5') in 0.013162 seconds 
